---------------------------------------------------------------
[ 2018-09-17T09:22:11+08:00 ] 127.0.0.1 GET /hx/public/admin/index/index.html
[ info ] 127.0.0.1/hx/public/admin/index/index.html [运行时间：0.288907s][吞吐率：3.46req/s] [内存消耗：2,182.26kb] [文件加载：65]
[ info ] [ CACHE ] INIT File
[ info ] [ BEHAVIOR ] Run cmf\behavior\InitHookBehavior @app_init [ RunTime:0.017129s ]
[ info ] [ LANG ] G:\PHPTutorial\WWW\hx\simplewind\thinkphp\lang\zh-cn.php
[ info ] [ ROUTE ] array (
  'type' => 'module',
  'module' => 
  array (
    0 => 'admin',
    1 => 'index',
    2 => 'index',
  ),
)
[ info ] [ HEADER ] array (
  'host' => '127.0.0.1',
  'connection' => 'keep-alive',
  'upgrade-insecure-requests' => '1',
  'user-agent' => 'Mozilla/5.0 (Windows NT 10.0; Win64; x64) AppleWebKit/537.36 (KHTML, like Gecko) Chrome/68.0.3440.106 Safari/537.36',
  'accept' => 'text/html,application/xhtml+xml,application/xml;q=0.9,image/webp,image/apng,*/*;q=0.8',
  'accept-encoding' => 'gzip, deflate, br',
  'accept-language' => 'zh-CN,zh;q=0.9',
  'cookie' => 'admin_username=admin; R3ErIO_admin_username=supplier; R3ErIO_think_language=zh-CN; PHPSESSID=19jkv66j97qge4snpuhh2bh4i6',
)
[ info ] [ PARAM ] array (
)
[ info ] [ LANG ] G:\PHPTutorial\WWW\hx\public/../simplewind/cmf/lang\zh-cn.php
[ info ] [ LANG ] G:\PHPTutorial\WWW\hx\public/../app/admin\lang\zh-cn\common.php
[ info ] [ LANG ] G:\PHPTutorial\WWW\hx\public/../app/portal\lang\zh-cn\common.php
[ info ] [ BEHAVIOR ] Run cmf\behavior\LangBehavior @app_begin [ RunTime:0.007212s ]
[ info ] [ LANG ] G:\PHPTutorial\WWW\hx\public/../app/admin\lang\zh-cn.php
[ info ] [ BEHAVIOR ] Run cmf\behavior\InitAppHookBehavior @module_init [ RunTime:0.001862s ]
[ info ] [ SESSION ] INIT array (
  'id' => '',
  'var_session_id' => '',
  'prefix' => 'think',
  'type' => '',
  'auto_start' => true,
)
[ info ] [ LANG ] G:\PHPTutorial\WWW\hx\public/../app/admin\lang\zh-cn\admin_menu.php
[ info ] [ LANG ] G:\PHPTutorial\WWW\hx\public/../app/admin\lang\zh-cn\admin.php
[ info ] [ LANG ] G:\PHPTutorial\WWW\hx\public/../app/user\lang\zh-cn\admin_menu.php
[ info ] [ LANG ] G:\PHPTutorial\WWW\hx\public/../data/lang/zh-cn/admin_menu.php
[ info ] [ BEHAVIOR ] Run cmf\behavior\AdminLangBehavior @admin_init [ RunTime:0.038243s ]
[ info ] [ LOG ] INIT File
---------------------------------------------------------------
[ 2018-09-17T09:22:11+08:00 ] 127.0.0.1 GET /hx/public/admin/public/login.html
[ info ] 127.0.0.1/hx/public/admin/public/login.html [运行时间：0.182311s][吞吐率：5.49req/s] [内存消耗：3,206.88kb] [文件加载：75]
[ info ] [ CACHE ] INIT File
[ info ] [ BEHAVIOR ] Run cmf\behavior\InitHookBehavior @app_init [ RunTime:0.006994s ]
[ info ] [ LANG ] G:\PHPTutorial\WWW\hx\simplewind\thinkphp\lang\zh-cn.php
[ info ] [ ROUTE ] array (
  'type' => 'module',
  'module' => 
  array (
    0 => 'admin',
    1 => 'public',
    2 => 'login',
  ),
)
[ info ] [ HEADER ] array (
  'host' => '127.0.0.1',
  'connection' => 'keep-alive',
  'upgrade-insecure-requests' => '1',
  'user-agent' => 'Mozilla/5.0 (Windows NT 10.0; Win64; x64) AppleWebKit/537.36 (KHTML, like Gecko) Chrome/68.0.3440.106 Safari/537.36',
  'accept' => 'text/html,application/xhtml+xml,application/xml;q=0.9,image/webp,image/apng,*/*;q=0.8',
  'accept-encoding' => 'gzip, deflate, br',
  'accept-language' => 'zh-CN,zh;q=0.9',
  'cookie' => 'admin_username=admin; R3ErIO_admin_username=supplier; R3ErIO_think_language=zh-CN; PHPSESSID=19jkv66j97qge4snpuhh2bh4i6',
)
[ info ] [ PARAM ] array (
)
[ info ] [ LANG ] G:\PHPTutorial\WWW\hx\public/../simplewind/cmf/lang\zh-cn.php
[ info ] [ LANG ] G:\PHPTutorial\WWW\hx\public/../app/admin\lang\zh-cn\common.php
[ info ] [ LANG ] G:\PHPTutorial\WWW\hx\public/../app/portal\lang\zh-cn\common.php
[ info ] [ BEHAVIOR ] Run cmf\behavior\LangBehavior @app_begin [ RunTime:0.003326s ]
[ info ] [ LANG ] G:\PHPTutorial\WWW\hx\public/../app/admin\lang\zh-cn.php
[ info ] [ BEHAVIOR ] Run cmf\behavior\InitAppHookBehavior @module_init [ RunTime:0.001663s ]
[ info ] [ RUN ] app\admin\controller\PublicController->login[ G:\PHPTutorial\WWW\hx\app\admin\controller\PublicController.php ]
[ info ] [ SESSION ] INIT array (
  'id' => '',
  'var_session_id' => '',
  'prefix' => 'think',
  'type' => '',
  'auto_start' => true,
)
[ info ] [ DB ] INIT mysql
[ info ] [ VIEW ] G:\PHPTutorial\WWW\hx\public/plugins/custom_admin_login/view/widget.html [ array (
) ]
[ info ] [ BEHAVIOR ] Run plugins\custom_admin_login\CustomAdminLoginPlugin @admin_login [ RunTime:0.087893s ]
[ info ] [ LOG ] INIT File
[ sql ] [ DB ] CONNECT:[ UseTime:0.010927s ] mysql:host=127.0.0.1;port=3306;dbname=thinkcmf5;charset=utf8mb4
[ sql ] [ SQL ] SHOW COLUMNS FROM `cmf_plugin` [ RunTime:0.036120s ]
[ sql ] [ SQL ] SELECT `config` FROM `cmf_plugin` WHERE  `name` = 'CustomAdminLogin' LIMIT 1 [ RunTime:0.000389s ]
---------------------------------------------------------------
[ 2018-09-17T09:22:11+08:00 ] 127.0.0.1 GET /hx/public/captcha/new.html?height=32&width=150&font_size=18
[ info ] 127.0.0.1/hx/public/captcha/new.html?height=32&width=150&font_size=18 [运行时间：0.060164s][吞吐率：16.62req/s] [内存消耗：1,822.80kb] [文件加载：51]
[ info ] [ CACHE ] INIT File
[ info ] [ BEHAVIOR ] Run cmf\behavior\InitHookBehavior @app_init [ RunTime:0.004045s ]
[ info ] [ LANG ] G:\PHPTutorial\WWW\hx\simplewind\thinkphp\lang\zh-cn.php
[ info ] [ ROUTE ] array (
  'type' => 'method',
  'method' => 
  array (
    0 => '\\cmf\\controller\\CaptchaController',
    1 => 'index',
  ),
  'var' => 
  array (
  ),
)
[ info ] [ HEADER ] array (
  'host' => '127.0.0.1',
  'connection' => 'keep-alive',
  'user-agent' => 'Mozilla/5.0 (Windows NT 10.0; Win64; x64) AppleWebKit/537.36 (KHTML, like Gecko) Chrome/68.0.3440.106 Safari/537.36',
  'accept' => 'image/webp,image/apng,image/*,*/*;q=0.8',
  'referer' => 'http://127.0.0.1/hx/public/admin/public/login.html',
  'accept-encoding' => 'gzip, deflate, br',
  'accept-language' => 'zh-CN,zh;q=0.9',
  'cookie' => 'admin_username=admin; R3ErIO_admin_username=supplier; R3ErIO_think_language=zh-CN; PHPSESSID=19jkv66j97qge4snpuhh2bh4i6',
)
[ info ] [ PARAM ] array (
  'height' => '32',
  'width' => '150',
  'font_size' => '18',
)
[ info ] [ LANG ] G:\PHPTutorial\WWW\hx\public/../simplewind/cmf/lang\zh-cn.php
[ info ] [ LANG ] G:\PHPTutorial\WWW\hx\public/../app/admin\lang\zh-cn\common.php
[ info ] [ LANG ] G:\PHPTutorial\WWW\hx\public/../app/portal\lang\zh-cn\common.php
[ info ] [ BEHAVIOR ] Run cmf\behavior\LangBehavior @app_begin [ RunTime:0.003042s ]
[ info ] [ RUN ] cmf\controller\CaptchaController->index[ G:\PHPTutorial\WWW\hx\simplewind\cmf\controller\CaptchaController.php ]
[ info ] [ SESSION ] INIT array (
  'id' => '',
  'var_session_id' => '',
  'prefix' => 'think',
  'type' => '',
  'auto_start' => true,
)
[ info ] [ LOG ] INIT File
---------------------------------------------------------------
[ 2018-09-17T09:22:22+08:00 ] 127.0.0.1 POST /hx/public/admin/public/dologin.html
[ info ] 127.0.0.1/hx/public/admin/public/dologin.html [运行时间：0.184577s][吞吐率：5.42req/s] [内存消耗：3,059.27kb] [文件加载：71]
[ info ] [ CACHE ] INIT File
[ info ] [ BEHAVIOR ] Run cmf\behavior\InitHookBehavior @app_init [ RunTime:0.002656s ]
[ info ] [ LANG ] G:\PHPTutorial\WWW\hx\simplewind\thinkphp\lang\zh-cn.php
[ info ] [ ROUTE ] array (
  'type' => 'module',
  'module' => 
  array (
    0 => 'admin',
    1 => 'public',
    2 => 'dologin',
  ),
)
[ info ] [ HEADER ] array (
  'host' => '127.0.0.1',
  'connection' => 'keep-alive',
  'content-length' => '66',
  'accept' => 'application/json, text/javascript, */*; q=0.01',
  'origin' => 'http://127.0.0.1',
  'x-requested-with' => 'XMLHttpRequest',
  'user-agent' => 'Mozilla/5.0 (Windows NT 10.0; Win64; x64) AppleWebKit/537.36 (KHTML, like Gecko) Chrome/68.0.3440.106 Safari/537.36',
  'content-type' => 'application/x-www-form-urlencoded; charset=UTF-8',
  'referer' => 'http://127.0.0.1/hx/public/admin/public/login.html',
  'accept-encoding' => 'gzip, deflate, br',
  'accept-language' => 'zh-CN,zh;q=0.9',
  'cookie' => 'thinkphp_show_page_trace=0|0; admin_username=admin; R3ErIO_admin_username=supplier; R3ErIO_think_language=zh-CN; PHPSESSID=19jkv66j97qge4snpuhh2bh4i6',
)
[ info ] [ PARAM ] array (
  'username' => 'admin',
  'password' => '123456',
  'captcha' => 'tawu',
  '_captcha_id' => '',
  'redirect' => '',
)
[ info ] [ LANG ] G:\PHPTutorial\WWW\hx\public/../simplewind/cmf/lang\zh-cn.php
[ info ] [ LANG ] G:\PHPTutorial\WWW\hx\public/../app/admin\lang\zh-cn\common.php
[ info ] [ LANG ] G:\PHPTutorial\WWW\hx\public/../app/portal\lang\zh-cn\common.php
[ info ] [ BEHAVIOR ] Run cmf\behavior\LangBehavior @app_begin [ RunTime:0.000955s ]
[ info ] [ LANG ] G:\PHPTutorial\WWW\hx\public/../app/admin\lang\zh-cn.php
[ info ] [ BEHAVIOR ] Run cmf\behavior\InitAppHookBehavior @module_init [ RunTime:0.000574s ]
[ info ] [ RUN ] app\admin\controller\PublicController->doLogin[ G:\PHPTutorial\WWW\hx\app\admin\controller\PublicController.php ]
[ info ] [ SESSION ] INIT array (
  'id' => '',
  'var_session_id' => '',
  'prefix' => 'think',
  'type' => '',
  'auto_start' => true,
)
[ info ] [ DB ] INIT mysql
[ info ] [ LOG ] INIT File
[ sql ] [ DB ] CONNECT:[ UseTime:0.002589s ] mysql:host=127.0.0.1;port=3306;dbname=thinkcmf5;charset=utf8mb4
[ sql ] [ SQL ] SHOW COLUMNS FROM `cmf_user` [ RunTime:0.029250s ]
[ sql ] [ SQL ] SELECT * FROM `cmf_user` WHERE  `user_login` = 'admin' LIMIT 1 [ RunTime:0.000658s ]
[ sql ] [ SQL ] SHOW COLUMNS FROM `cmf_role_user` [ RunTime:0.020011s ]
[ sql ] [ SQL ] SELECT `role_id` FROM `cmf_role_user` `a` INNER JOIN `cmf_role` `b` ON `a`.`role_id`=`b`.`id` WHERE  `user_id` = 1  AND `status` = 1 LIMIT 1 [ RunTime:0.032865s ]
[ sql ] [ SQL ] SHOW COLUMNS FROM `cmf_user_token` [ RunTime:0.010296s ]
[ sql ] [ SQL ] SELECT * FROM `cmf_user_token` WHERE  `user_id` = 1  AND `device_type` = 'web' LIMIT 1 [ RunTime:0.000522s ]
[ sql ] [ SQL ] UPDATE `cmf_user`  SET `user_type`=1,`sex`=0,`birthday`=0,`last_login_time`=1537147342,`score`=0,`coin`=0,`balance`=0,`create_time`=1536570750,`user_status`=1,`user_login`='admin',`user_pass`='###a2888d1e8b5b5ec67b145f27e417d4b9',`user_nickname`='admin',`user_email`='1016122628@qq.com',`user_url`='',`avatar`='',`signature`='',`last_login_ip`='127.0.0.1',`user_activation_key`='',`mobile`='',`more`=NULL  WHERE  `id` = 1 [ RunTime:0.029715s ]
---------------------------------------------------------------
[ 2018-09-17T09:22:24+08:00 ] 127.0.0.1 GET /hx/public/admin/index/index.html
[ info ] 127.0.0.1/hx/public/admin/index/index.html [运行时间：0.164850s][吞吐率：6.07req/s] [内存消耗：3,858.32kb] [文件加载：80]
[ info ] [ CACHE ] INIT File
[ info ] [ BEHAVIOR ] Run cmf\behavior\InitHookBehavior @app_init [ RunTime:0.003103s ]
[ info ] [ LANG ] G:\PHPTutorial\WWW\hx\simplewind\thinkphp\lang\zh-cn.php
[ info ] [ ROUTE ] array (
  'type' => 'module',
  'module' => 
  array (
    0 => 'admin',
    1 => 'index',
    2 => 'index',
  ),
)
[ info ] [ HEADER ] array (
  'host' => '127.0.0.1',
  'connection' => 'keep-alive',
  'upgrade-insecure-requests' => '1',
  'user-agent' => 'Mozilla/5.0 (Windows NT 10.0; Win64; x64) AppleWebKit/537.36 (KHTML, like Gecko) Chrome/68.0.3440.106 Safari/537.36',
  'accept' => 'text/html,application/xhtml+xml,application/xml;q=0.9,image/webp,image/apng,*/*;q=0.8',
  'referer' => 'http://127.0.0.1/hx/public/admin/public/login.html',
  'accept-encoding' => 'gzip, deflate, br',
  'accept-language' => 'zh-CN,zh;q=0.9',
  'cookie' => 'admin_username=admin; R3ErIO_admin_username=supplier; R3ErIO_think_language=zh-CN; PHPSESSID=19jkv66j97qge4snpuhh2bh4i6',
)
[ info ] [ PARAM ] array (
)
[ info ] [ LANG ] G:\PHPTutorial\WWW\hx\public/../simplewind/cmf/lang\zh-cn.php
[ info ] [ LANG ] G:\PHPTutorial\WWW\hx\public/../app/admin\lang\zh-cn\common.php
[ info ] [ LANG ] G:\PHPTutorial\WWW\hx\public/../app/portal\lang\zh-cn\common.php
[ info ] [ BEHAVIOR ] Run cmf\behavior\LangBehavior @app_begin [ RunTime:0.000922s ]
[ info ] [ LANG ] G:\PHPTutorial\WWW\hx\public/../app/admin\lang\zh-cn.php
[ info ] [ BEHAVIOR ] Run cmf\behavior\InitAppHookBehavior @module_init [ RunTime:0.000558s ]
[ info ] [ SESSION ] INIT array (
  'id' => '',
  'var_session_id' => '',
  'prefix' => 'think',
  'type' => '',
  'auto_start' => true,
)
[ info ] [ LANG ] G:\PHPTutorial\WWW\hx\public/../app/admin\lang\zh-cn\admin_menu.php
[ info ] [ LANG ] G:\PHPTutorial\WWW\hx\public/../app/admin\lang\zh-cn\admin.php
[ info ] [ LANG ] G:\PHPTutorial\WWW\hx\public/../app/user\lang\zh-cn\admin_menu.php
[ info ] [ LANG ] G:\PHPTutorial\WWW\hx\public/../data/lang/zh-cn/admin_menu.php
[ info ] [ BEHAVIOR ] Run cmf\behavior\AdminLangBehavior @admin_init [ RunTime:0.002583s ]
[ info ] [ DB ] INIT mysql
[ info ] [ RUN ] app\admin\controller\IndexController->index[ G:\PHPTutorial\WWW\hx\app\admin\controller\IndexController.php ]
[ info ] [ VIEW ] themes/admin_simpleboot3/admin\index\index.html [ array (
  0 => 'admin',
  1 => 'menus',
  2 => 'menus_js_var',
) ]
[ info ] [ LOG ] INIT File
[ sql ] [ DB ] CONNECT:[ UseTime:0.010914s ] mysql:host=127.0.0.1;port=3306;dbname=thinkcmf5;charset=utf8mb4
[ sql ] [ SQL ] SHOW COLUMNS FROM `cmf_user` [ RunTime:0.007792s ]
[ sql ] [ SQL ] SELECT * FROM `cmf_user` WHERE  `id` = 1 LIMIT 1 [ RunTime:0.000547s ]
[ sql ] [ SQL ] SHOW COLUMNS FROM `cmf_admin_menu` [ RunTime:0.029885s ]
[ sql ] [ SQL ] SELECT * FROM `cmf_admin_menu` ORDER BY `app` ASC,`controller` ASC,`action` ASC [ RunTime:0.001841s ]
---------------------------------------------------------------
[ 2018-09-17T09:22:24+08:00 ] 127.0.0.1 GET /hx/public/admin/main/index.html
[ info ] 127.0.0.1/hx/public/admin/main/index.html [运行时间：0.090684s][吞吐率：11.03req/s] [内存消耗：3,259.51kb] [文件加载：78]
[ info ] [ CACHE ] INIT File
[ info ] [ BEHAVIOR ] Run cmf\behavior\InitHookBehavior @app_init [ RunTime:0.003940s ]
[ info ] [ LANG ] G:\PHPTutorial\WWW\hx\simplewind\thinkphp\lang\zh-cn.php
[ info ] [ ROUTE ] array (
  'type' => 'module',
  'module' => 
  array (
    0 => 'admin',
    1 => 'main',
    2 => 'index',
  ),
)
[ info ] [ HEADER ] array (
  'host' => '127.0.0.1',
  'connection' => 'keep-alive',
  'upgrade-insecure-requests' => '1',
  'user-agent' => 'Mozilla/5.0 (Windows NT 10.0; Win64; x64) AppleWebKit/537.36 (KHTML, like Gecko) Chrome/68.0.3440.106 Safari/537.36',
  'accept' => 'text/html,application/xhtml+xml,application/xml;q=0.9,image/webp,image/apng,*/*;q=0.8',
  'referer' => 'http://127.0.0.1/hx/public/admin/index/index.html',
  'accept-encoding' => 'gzip, deflate, br',
  'accept-language' => 'zh-CN,zh;q=0.9',
  'cookie' => 'admin_username=admin; R3ErIO_admin_username=supplier; R3ErIO_think_language=zh-CN; PHPSESSID=19jkv66j97qge4snpuhh2bh4i6',
)
[ info ] [ PARAM ] array (
)
[ info ] [ LANG ] G:\PHPTutorial\WWW\hx\public/../simplewind/cmf/lang\zh-cn.php
[ info ] [ LANG ] G:\PHPTutorial\WWW\hx\public/../app/admin\lang\zh-cn\common.php
[ info ] [ LANG ] G:\PHPTutorial\WWW\hx\public/../app/portal\lang\zh-cn\common.php
[ info ] [ BEHAVIOR ] Run cmf\behavior\LangBehavior @app_begin [ RunTime:0.001554s ]
[ info ] [ LANG ] G:\PHPTutorial\WWW\hx\public/../app/admin\lang\zh-cn.php
[ info ] [ BEHAVIOR ] Run cmf\behavior\InitAppHookBehavior @module_init [ RunTime:0.000554s ]
[ info ] [ LANG ] G:\PHPTutorial\WWW\hx\public/../app/admin\lang\zh-cn\admin_menu.php
[ info ] [ LANG ] G:\PHPTutorial\WWW\hx\public/../app/admin\lang\zh-cn\admin.php
[ info ] [ LANG ] G:\PHPTutorial\WWW\hx\public/../app/user\lang\zh-cn\admin_menu.php
[ info ] [ LANG ] G:\PHPTutorial\WWW\hx\public/../data/lang/zh-cn/admin_menu.php
[ info ] [ BEHAVIOR ] Run cmf\behavior\AdminLangBehavior @admin_init [ RunTime:0.002322s ]
[ info ] [ SESSION ] INIT array (
  'id' => '',
  'var_session_id' => '',
  'prefix' => 'think',
  'type' => '',
  'auto_start' => true,
)
[ info ] [ DB ] INIT mysql
[ info ] [ RUN ] app\admin\controller\MainController->index[ G:\PHPTutorial\WWW\hx\app\admin\controller\MainController.php ]
[ info ] [ VIEW ] themes/admin_simpleboot3/admin\main\index.html [ array (
  0 => 'admin',
  1 => 'dashboard_widgets',
  2 => 'dashboard_widget_plugins',
  3 => 'has_smtp_setting',
) ]
[ info ] [ LOG ] INIT File
[ sql ] [ DB ] CONNECT:[ UseTime:0.002175s ] mysql:host=127.0.0.1;port=3306;dbname=thinkcmf5;charset=utf8mb4
[ sql ] [ SQL ] SHOW COLUMNS FROM `cmf_user` [ RunTime:0.007688s ]
[ sql ] [ SQL ] SELECT * FROM `cmf_user` WHERE  `id` = 1 LIMIT 1 [ RunTime:0.000895s ]
---------------------------------------------------------------
[ 2018-09-17T09:22:29+08:00 ] 127.0.0.1 GET /hx/public/admin/project/index.html
[ info ] 127.0.0.1/hx/public/admin/project/index.html [运行时间：0.041887s][吞吐率：23.87req/s] [内存消耗：1,834.02kb] [文件加载：57]
[ info ] [ CACHE ] INIT File
[ info ] [ BEHAVIOR ] Run cmf\behavior\InitHookBehavior @app_init [ RunTime:0.003027s ]
[ info ] [ LANG ] G:\PHPTutorial\WWW\hx\simplewind\thinkphp\lang\zh-cn.php
[ info ] [ ROUTE ] array (
  'type' => 'module',
  'module' => 
  array (
    0 => 'admin',
    1 => 'project',
    2 => 'index',
  ),
)
[ info ] [ HEADER ] array (
  'host' => '127.0.0.1',
  'connection' => 'keep-alive',
  'upgrade-insecure-requests' => '1',
  'user-agent' => 'Mozilla/5.0 (Windows NT 10.0; Win64; x64) AppleWebKit/537.36 (KHTML, like Gecko) Chrome/68.0.3440.106 Safari/537.36',
  'accept' => 'text/html,application/xhtml+xml,application/xml;q=0.9,image/webp,image/apng,*/*;q=0.8',
  'referer' => 'http://127.0.0.1/hx/public/admin/index/index.html',
  'accept-encoding' => 'gzip, deflate, br',
  'accept-language' => 'zh-CN,zh;q=0.9',
  'cookie' => 'admin_username=admin; R3ErIO_admin_username=supplier; R3ErIO_think_language=zh-CN; PHPSESSID=19jkv66j97qge4snpuhh2bh4i6',
)
[ info ] [ PARAM ] array (
)
[ info ] [ LANG ] G:\PHPTutorial\WWW\hx\public/../simplewind/cmf/lang\zh-cn.php
[ info ] [ LANG ] G:\PHPTutorial\WWW\hx\public/../app/admin\lang\zh-cn\common.php
[ info ] [ LANG ] G:\PHPTutorial\WWW\hx\public/../app/portal\lang\zh-cn\common.php
[ info ] [ BEHAVIOR ] Run cmf\behavior\LangBehavior @app_begin [ RunTime:0.001316s ]
[ info ] [ LANG ] G:\PHPTutorial\WWW\hx\public/../app/admin\lang\zh-cn.php
[ info ] [ BEHAVIOR ] Run cmf\behavior\InitAppHookBehavior @module_init [ RunTime:0.000440s ]
[ info ] [ LOG ] INIT File
---------------------------------------------------------------
[ 2018-09-17T09:22:31+08:00 ] 127.0.0.1 GET /hx/public/admin/project/index.html
[ info ] 127.0.0.1/hx/public/admin/project/index.html [运行时间：0.034068s][吞吐率：29.35req/s] [内存消耗：1,833.98kb] [文件加载：57]
[ info ] [ CACHE ] INIT File
[ info ] [ BEHAVIOR ] Run cmf\behavior\InitHookBehavior @app_init [ RunTime:0.002397s ]
[ info ] [ LANG ] G:\PHPTutorial\WWW\hx\simplewind\thinkphp\lang\zh-cn.php
[ info ] [ ROUTE ] array (
  'type' => 'module',
  'module' => 
  array (
    0 => 'admin',
    1 => 'project',
    2 => 'index',
  ),
)
[ info ] [ HEADER ] array (
  'host' => '127.0.0.1',
  'connection' => 'keep-alive',
  'upgrade-insecure-requests' => '1',
  'user-agent' => 'Mozilla/5.0 (Windows NT 10.0; Win64; x64) AppleWebKit/537.36 (KHTML, like Gecko) Chrome/68.0.3440.106 Safari/537.36',
  'accept' => 'text/html,application/xhtml+xml,application/xml;q=0.9,image/webp,image/apng,*/*;q=0.8',
  'referer' => 'http://127.0.0.1/hx/public/admin/index/index.html',
  'accept-encoding' => 'gzip, deflate, br',
  'accept-language' => 'zh-CN,zh;q=0.9',
  'cookie' => 'thinkphp_show_page_trace=0|0; admin_username=admin; R3ErIO_admin_username=supplier; R3ErIO_think_language=zh-CN; PHPSESSID=19jkv66j97qge4snpuhh2bh4i6',
)
[ info ] [ PARAM ] array (
)
[ info ] [ LANG ] G:\PHPTutorial\WWW\hx\public/../simplewind/cmf/lang\zh-cn.php
[ info ] [ LANG ] G:\PHPTutorial\WWW\hx\public/../app/admin\lang\zh-cn\common.php
[ info ] [ LANG ] G:\PHPTutorial\WWW\hx\public/../app/portal\lang\zh-cn\common.php
[ info ] [ BEHAVIOR ] Run cmf\behavior\LangBehavior @app_begin [ RunTime:0.001114s ]
[ info ] [ LANG ] G:\PHPTutorial\WWW\hx\public/../app/admin\lang\zh-cn.php
[ info ] [ BEHAVIOR ] Run cmf\behavior\InitAppHookBehavior @module_init [ RunTime:0.000394s ]
[ info ] [ LOG ] INIT File
---------------------------------------------------------------
[ 2018-09-17T09:22:31+08:00 ] 127.0.0.1 GET /hx/public/admin/project/index.html
[ info ] 127.0.0.1/hx/public/admin/project/index.html [运行时间：0.035301s][吞吐率：28.33req/s] [内存消耗：1,833.98kb] [文件加载：57]
[ info ] [ CACHE ] INIT File
[ info ] [ BEHAVIOR ] Run cmf\behavior\InitHookBehavior @app_init [ RunTime:0.002373s ]
[ info ] [ LANG ] G:\PHPTutorial\WWW\hx\simplewind\thinkphp\lang\zh-cn.php
[ info ] [ ROUTE ] array (
  'type' => 'module',
  'module' => 
  array (
    0 => 'admin',
    1 => 'project',
    2 => 'index',
  ),
)
[ info ] [ HEADER ] array (
  'host' => '127.0.0.1',
  'connection' => 'keep-alive',
  'upgrade-insecure-requests' => '1',
  'user-agent' => 'Mozilla/5.0 (Windows NT 10.0; Win64; x64) AppleWebKit/537.36 (KHTML, like Gecko) Chrome/68.0.3440.106 Safari/537.36',
  'accept' => 'text/html,application/xhtml+xml,application/xml;q=0.9,image/webp,image/apng,*/*;q=0.8',
  'referer' => 'http://127.0.0.1/hx/public/admin/index/index.html',
  'accept-encoding' => 'gzip, deflate, br',
  'accept-language' => 'zh-CN,zh;q=0.9',
  'cookie' => 'thinkphp_show_page_trace=0|0; admin_username=admin; R3ErIO_admin_username=supplier; R3ErIO_think_language=zh-CN; PHPSESSID=19jkv66j97qge4snpuhh2bh4i6',
)
[ info ] [ PARAM ] array (
)
[ info ] [ LANG ] G:\PHPTutorial\WWW\hx\public/../simplewind/cmf/lang\zh-cn.php
[ info ] [ LANG ] G:\PHPTutorial\WWW\hx\public/../app/admin\lang\zh-cn\common.php
[ info ] [ LANG ] G:\PHPTutorial\WWW\hx\public/../app/portal\lang\zh-cn\common.php
[ info ] [ BEHAVIOR ] Run cmf\behavior\LangBehavior @app_begin [ RunTime:0.000896s ]
[ info ] [ LANG ] G:\PHPTutorial\WWW\hx\public/../app/admin\lang\zh-cn.php
[ info ] [ BEHAVIOR ] Run cmf\behavior\InitAppHookBehavior @module_init [ RunTime:0.000314s ]
[ info ] [ LOG ] INIT File
---------------------------------------------------------------
[ 2018-09-17T09:22:31+08:00 ] 127.0.0.1 GET /hx/public/admin/project/index.html
[ info ] 127.0.0.1/hx/public/admin/project/index.html [运行时间：0.034930s][吞吐率：28.63req/s] [内存消耗：1,833.98kb] [文件加载：57]
[ info ] [ CACHE ] INIT File
[ info ] [ BEHAVIOR ] Run cmf\behavior\InitHookBehavior @app_init [ RunTime:0.002411s ]
[ info ] [ LANG ] G:\PHPTutorial\WWW\hx\simplewind\thinkphp\lang\zh-cn.php
[ info ] [ ROUTE ] array (
  'type' => 'module',
  'module' => 
  array (
    0 => 'admin',
    1 => 'project',
    2 => 'index',
  ),
)
[ info ] [ HEADER ] array (
  'host' => '127.0.0.1',
  'connection' => 'keep-alive',
  'upgrade-insecure-requests' => '1',
  'user-agent' => 'Mozilla/5.0 (Windows NT 10.0; Win64; x64) AppleWebKit/537.36 (KHTML, like Gecko) Chrome/68.0.3440.106 Safari/537.36',
  'accept' => 'text/html,application/xhtml+xml,application/xml;q=0.9,image/webp,image/apng,*/*;q=0.8',
  'referer' => 'http://127.0.0.1/hx/public/admin/index/index.html',
  'accept-encoding' => 'gzip, deflate, br',
  'accept-language' => 'zh-CN,zh;q=0.9',
  'cookie' => 'thinkphp_show_page_trace=0|0; admin_username=admin; R3ErIO_admin_username=supplier; R3ErIO_think_language=zh-CN; PHPSESSID=19jkv66j97qge4snpuhh2bh4i6',
)
[ info ] [ PARAM ] array (
)
[ info ] [ LANG ] G:\PHPTutorial\WWW\hx\public/../simplewind/cmf/lang\zh-cn.php
[ info ] [ LANG ] G:\PHPTutorial\WWW\hx\public/../app/admin\lang\zh-cn\common.php
[ info ] [ LANG ] G:\PHPTutorial\WWW\hx\public/../app/portal\lang\zh-cn\common.php
[ info ] [ BEHAVIOR ] Run cmf\behavior\LangBehavior @app_begin [ RunTime:0.000912s ]
[ info ] [ LANG ] G:\PHPTutorial\WWW\hx\public/../app/admin\lang\zh-cn.php
[ info ] [ BEHAVIOR ] Run cmf\behavior\InitAppHookBehavior @module_init [ RunTime:0.000318s ]
[ info ] [ LOG ] INIT File
---------------------------------------------------------------
[ 2018-09-17T09:22:31+08:00 ] 127.0.0.1 GET /hx/public/admin/project/index.html
[ info ] 127.0.0.1/hx/public/admin/project/index.html [运行时间：0.033766s][吞吐率：29.62req/s] [内存消耗：1,833.98kb] [文件加载：57]
[ info ] [ CACHE ] INIT File
[ info ] [ BEHAVIOR ] Run cmf\behavior\InitHookBehavior @app_init [ RunTime:0.002400s ]
[ info ] [ LANG ] G:\PHPTutorial\WWW\hx\simplewind\thinkphp\lang\zh-cn.php
[ info ] [ ROUTE ] array (
  'type' => 'module',
  'module' => 
  array (
    0 => 'admin',
    1 => 'project',
    2 => 'index',
  ),
)
[ info ] [ HEADER ] array (
  'host' => '127.0.0.1',
  'connection' => 'keep-alive',
  'upgrade-insecure-requests' => '1',
  'user-agent' => 'Mozilla/5.0 (Windows NT 10.0; Win64; x64) AppleWebKit/537.36 (KHTML, like Gecko) Chrome/68.0.3440.106 Safari/537.36',
  'accept' => 'text/html,application/xhtml+xml,application/xml;q=0.9,image/webp,image/apng,*/*;q=0.8',
  'referer' => 'http://127.0.0.1/hx/public/admin/index/index.html',
  'accept-encoding' => 'gzip, deflate, br',
  'accept-language' => 'zh-CN,zh;q=0.9',
  'cookie' => 'thinkphp_show_page_trace=0|0; admin_username=admin; R3ErIO_admin_username=supplier; R3ErIO_think_language=zh-CN; PHPSESSID=19jkv66j97qge4snpuhh2bh4i6',
)
[ info ] [ PARAM ] array (
)
[ info ] [ LANG ] G:\PHPTutorial\WWW\hx\public/../simplewind/cmf/lang\zh-cn.php
[ info ] [ LANG ] G:\PHPTutorial\WWW\hx\public/../app/admin\lang\zh-cn\common.php
[ info ] [ LANG ] G:\PHPTutorial\WWW\hx\public/../app/portal\lang\zh-cn\common.php
[ info ] [ BEHAVIOR ] Run cmf\behavior\LangBehavior @app_begin [ RunTime:0.000909s ]
[ info ] [ LANG ] G:\PHPTutorial\WWW\hx\public/../app/admin\lang\zh-cn.php
[ info ] [ BEHAVIOR ] Run cmf\behavior\InitAppHookBehavior @module_init [ RunTime:0.000316s ]
[ info ] [ LOG ] INIT File
---------------------------------------------------------------
[ 2018-09-17T09:22:31+08:00 ] 127.0.0.1 GET /hx/public/admin/project/index.html
[ info ] 127.0.0.1/hx/public/admin/project/index.html [运行时间：0.036236s][吞吐率：27.60req/s] [内存消耗：1,833.98kb] [文件加载：57]
[ info ] [ CACHE ] INIT File
[ info ] [ BEHAVIOR ] Run cmf\behavior\InitHookBehavior @app_init [ RunTime:0.002455s ]
[ info ] [ LANG ] G:\PHPTutorial\WWW\hx\simplewind\thinkphp\lang\zh-cn.php
[ info ] [ ROUTE ] array (
  'type' => 'module',
  'module' => 
  array (
    0 => 'admin',
    1 => 'project',
    2 => 'index',
  ),
)
[ info ] [ HEADER ] array (
  'host' => '127.0.0.1',
  'connection' => 'keep-alive',
  'upgrade-insecure-requests' => '1',
  'user-agent' => 'Mozilla/5.0 (Windows NT 10.0; Win64; x64) AppleWebKit/537.36 (KHTML, like Gecko) Chrome/68.0.3440.106 Safari/537.36',
  'accept' => 'text/html,application/xhtml+xml,application/xml;q=0.9,image/webp,image/apng,*/*;q=0.8',
  'referer' => 'http://127.0.0.1/hx/public/admin/index/index.html',
  'accept-encoding' => 'gzip, deflate, br',
  'accept-language' => 'zh-CN,zh;q=0.9',
  'cookie' => 'thinkphp_show_page_trace=0|0; admin_username=admin; R3ErIO_admin_username=supplier; R3ErIO_think_language=zh-CN; PHPSESSID=19jkv66j97qge4snpuhh2bh4i6',
)
[ info ] [ PARAM ] array (
)
[ info ] [ LANG ] G:\PHPTutorial\WWW\hx\public/../simplewind/cmf/lang\zh-cn.php
[ info ] [ LANG ] G:\PHPTutorial\WWW\hx\public/../app/admin\lang\zh-cn\common.php
[ info ] [ LANG ] G:\PHPTutorial\WWW\hx\public/../app/portal\lang\zh-cn\common.php
[ info ] [ BEHAVIOR ] Run cmf\behavior\LangBehavior @app_begin [ RunTime:0.000911s ]
[ info ] [ LANG ] G:\PHPTutorial\WWW\hx\public/../app/admin\lang\zh-cn.php
[ info ] [ BEHAVIOR ] Run cmf\behavior\InitAppHookBehavior @module_init [ RunTime:0.000369s ]
[ info ] [ LOG ] INIT File
---------------------------------------------------------------
[ 2018-09-17T09:22:32+08:00 ] 127.0.0.1 GET /hx/public/admin/project/index.html
[ info ] 127.0.0.1/hx/public/admin/project/index.html [运行时间：0.035091s][吞吐率：28.50req/s] [内存消耗：1,833.98kb] [文件加载：57]
[ info ] [ CACHE ] INIT File
[ info ] [ BEHAVIOR ] Run cmf\behavior\InitHookBehavior @app_init [ RunTime:0.002419s ]
[ info ] [ LANG ] G:\PHPTutorial\WWW\hx\simplewind\thinkphp\lang\zh-cn.php
[ info ] [ ROUTE ] array (
  'type' => 'module',
  'module' => 
  array (
    0 => 'admin',
    1 => 'project',
    2 => 'index',
  ),
)
[ info ] [ HEADER ] array (
  'host' => '127.0.0.1',
  'connection' => 'keep-alive',
  'upgrade-insecure-requests' => '1',
  'user-agent' => 'Mozilla/5.0 (Windows NT 10.0; Win64; x64) AppleWebKit/537.36 (KHTML, like Gecko) Chrome/68.0.3440.106 Safari/537.36',
  'accept' => 'text/html,application/xhtml+xml,application/xml;q=0.9,image/webp,image/apng,*/*;q=0.8',
  'referer' => 'http://127.0.0.1/hx/public/admin/index/index.html',
  'accept-encoding' => 'gzip, deflate, br',
  'accept-language' => 'zh-CN,zh;q=0.9',
  'cookie' => 'thinkphp_show_page_trace=0|0; admin_username=admin; R3ErIO_admin_username=supplier; R3ErIO_think_language=zh-CN; PHPSESSID=19jkv66j97qge4snpuhh2bh4i6',
)
[ info ] [ PARAM ] array (
)
[ info ] [ LANG ] G:\PHPTutorial\WWW\hx\public/../simplewind/cmf/lang\zh-cn.php
[ info ] [ LANG ] G:\PHPTutorial\WWW\hx\public/../app/admin\lang\zh-cn\common.php
[ info ] [ LANG ] G:\PHPTutorial\WWW\hx\public/../app/portal\lang\zh-cn\common.php
[ info ] [ BEHAVIOR ] Run cmf\behavior\LangBehavior @app_begin [ RunTime:0.000900s ]
[ info ] [ LANG ] G:\PHPTutorial\WWW\hx\public/../app/admin\lang\zh-cn.php
[ info ] [ BEHAVIOR ] Run cmf\behavior\InitAppHookBehavior @module_init [ RunTime:0.000333s ]
[ info ] [ LOG ] INIT File
---------------------------------------------------------------
[ 2018-09-17T10:37:41+08:00 ] 127.0.0.1 GET /hx/public/admin/project/index.html
[ info ] 127.0.0.1/hx/public/admin/project/index.html [运行时间：0.043512s][吞吐率：22.98req/s] [内存消耗：1,834.00kb] [文件加载：57]
[ info ] [ CACHE ] INIT File
[ info ] [ BEHAVIOR ] Run cmf\behavior\InitHookBehavior @app_init [ RunTime:0.003267s ]
[ info ] [ LANG ] G:\PHPTutorial\WWW\hx\simplewind\thinkphp\lang\zh-cn.php
[ info ] [ ROUTE ] array (
  'type' => 'module',
  'module' => 
  array (
    0 => 'admin',
    1 => 'project',
    2 => 'index',
  ),
)
[ info ] [ HEADER ] array (
  'host' => '127.0.0.1',
  'connection' => 'keep-alive',
  'upgrade-insecure-requests' => '1',
  'user-agent' => 'Mozilla/5.0 (Windows NT 10.0; Win64; x64) AppleWebKit/537.36 (KHTML, like Gecko) Chrome/68.0.3440.106 Safari/537.36',
  'accept' => 'text/html,application/xhtml+xml,application/xml;q=0.9,image/webp,image/apng,*/*;q=0.8',
  'referer' => 'http://127.0.0.1/hx/public/admin/index/index.html',
  'accept-encoding' => 'gzip, deflate, br',
  'accept-language' => 'zh-CN,zh;q=0.9',
  'cookie' => 'thinkphp_show_page_trace=0|0; admin_username=admin; R3ErIO_admin_username=supplier; PHPSESSID=19jkv66j97qge4snpuhh2bh4i6',
)
[ info ] [ PARAM ] array (
)
[ info ] [ LANG ] G:\PHPTutorial\WWW\hx\public/../simplewind/cmf/lang\zh-cn.php
[ info ] [ LANG ] G:\PHPTutorial\WWW\hx\public/../app/admin\lang\zh-cn\common.php
[ info ] [ LANG ] G:\PHPTutorial\WWW\hx\public/../app/portal\lang\zh-cn\common.php
[ info ] [ BEHAVIOR ] Run cmf\behavior\LangBehavior @app_begin [ RunTime:0.001564s ]
[ info ] [ LANG ] G:\PHPTutorial\WWW\hx\public/../app/admin\lang\zh-cn.php
[ info ] [ BEHAVIOR ] Run cmf\behavior\InitAppHookBehavior @module_init [ RunTime:0.000647s ]
[ info ] [ LOG ] INIT File
---------------------------------------------------------------
[ 2018-09-17T17:14:24+08:00 ] 127.0.0.1 GET /hx/public/admin/index/index.html
[ info ] 127.0.0.1/hx/public/admin/index/index.html [运行时间：0.545271s][吞吐率：1.83req/s] [内存消耗：3,858.23kb] [文件加载：80]
[ info ] [ CACHE ] INIT File
[ info ] [ BEHAVIOR ] Run cmf\behavior\InitHookBehavior @app_init [ RunTime:0.022454s ]
[ info ] [ LANG ] G:\PHPTutorial\WWW\hx\simplewind\thinkphp\lang\zh-cn.php
[ info ] [ ROUTE ] array (
  'type' => 'module',
  'module' => 
  array (
    0 => 'admin',
    1 => 'index',
    2 => 'index',
  ),
)
[ info ] [ HEADER ] array (
  'host' => '127.0.0.1',
  'connection' => 'keep-alive',
  'cache-control' => 'max-age=0',
  'upgrade-insecure-requests' => '1',
  'user-agent' => 'Mozilla/5.0 (Windows NT 10.0; Win64; x64) AppleWebKit/537.36 (KHTML, like Gecko) Chrome/68.0.3440.106 Safari/537.36',
  'accept' => 'text/html,application/xhtml+xml,application/xml;q=0.9,image/webp,image/apng,*/*;q=0.8',
  'accept-encoding' => 'gzip, deflate, br',
  'accept-language' => 'zh-CN,zh;q=0.9',
  'cookie' => 'thinkphp_show_page_trace=0|0; admin_username=admin; R3ErIO_admin_username=supplier; PHPSESSID=19jkv66j97qge4snpuhh2bh4i6',
)
[ info ] [ PARAM ] array (
)
[ info ] [ LANG ] G:\PHPTutorial\WWW\hx\public/../simplewind/cmf/lang\zh-cn.php
[ info ] [ LANG ] G:\PHPTutorial\WWW\hx\public/../app/admin\lang\zh-cn\common.php
[ info ] [ LANG ] G:\PHPTutorial\WWW\hx\public/../app/portal\lang\zh-cn\common.php
[ info ] [ BEHAVIOR ] Run cmf\behavior\LangBehavior @app_begin [ RunTime:0.012073s ]
[ info ] [ LANG ] G:\PHPTutorial\WWW\hx\public/../app/admin\lang\zh-cn.php
[ info ] [ BEHAVIOR ] Run cmf\behavior\InitAppHookBehavior @module_init [ RunTime:0.000930s ]
[ info ] [ SESSION ] INIT array (
  'id' => '',
  'var_session_id' => '',
  'prefix' => 'think',
  'type' => '',
  'auto_start' => true,
)
[ info ] [ LANG ] G:\PHPTutorial\WWW\hx\public/../app/admin\lang\zh-cn\admin_menu.php
[ info ] [ LANG ] G:\PHPTutorial\WWW\hx\public/../app/admin\lang\zh-cn\admin.php
[ info ] [ LANG ] G:\PHPTutorial\WWW\hx\public/../app/user\lang\zh-cn\admin_menu.php
[ info ] [ LANG ] G:\PHPTutorial\WWW\hx\public/../data/lang/zh-cn/admin_menu.php
[ info ] [ BEHAVIOR ] Run cmf\behavior\AdminLangBehavior @admin_init [ RunTime:0.007623s ]
[ info ] [ DB ] INIT mysql
[ info ] [ RUN ] app\admin\controller\IndexController->index[ G:\PHPTutorial\WWW\hx\app\admin\controller\IndexController.php ]
[ info ] [ VIEW ] themes/admin_simpleboot3/admin\index\index.html [ array (
  0 => 'admin',
  1 => 'menus',
  2 => 'menus_js_var',
) ]
[ info ] [ LOG ] INIT File
[ sql ] [ DB ] CONNECT:[ UseTime:0.045333s ] mysql:host=127.0.0.1;port=3306;dbname=thinkcmf5;charset=utf8mb4
[ sql ] [ SQL ] SHOW COLUMNS FROM `cmf_user` [ RunTime:0.088889s ]
[ sql ] [ SQL ] SELECT * FROM `cmf_user` WHERE  `id` = 1 LIMIT 1 [ RunTime:0.001465s ]
[ sql ] [ SQL ] SHOW COLUMNS FROM `cmf_admin_menu` [ RunTime:0.024486s ]
[ sql ] [ SQL ] SELECT * FROM `cmf_admin_menu` ORDER BY `app` ASC,`controller` ASC,`action` ASC [ RunTime:0.002177s ]
---------------------------------------------------------------
[ 2018-09-17T17:14:24+08:00 ] 127.0.0.1 GET /hx/public/admin/main/index.html
[ info ] 127.0.0.1/hx/public/admin/main/index.html [运行时间：0.161831s][吞吐率：6.18req/s] [内存消耗：3,259.21kb] [文件加载：78]
[ info ] [ CACHE ] INIT File
[ info ] [ BEHAVIOR ] Run cmf\behavior\InitHookBehavior @app_init [ RunTime:0.004779s ]
[ info ] [ LANG ] G:\PHPTutorial\WWW\hx\simplewind\thinkphp\lang\zh-cn.php
[ info ] [ ROUTE ] array (
  'type' => 'module',
  'module' => 
  array (
    0 => 'admin',
    1 => 'main',
    2 => 'index',
  ),
)
[ info ] [ HEADER ] array (
  'host' => '127.0.0.1',
  'connection' => 'keep-alive',
  'upgrade-insecure-requests' => '1',
  'user-agent' => 'Mozilla/5.0 (Windows NT 10.0; Win64; x64) AppleWebKit/537.36 (KHTML, like Gecko) Chrome/68.0.3440.106 Safari/537.36',
  'accept' => 'text/html,application/xhtml+xml,application/xml;q=0.9,image/webp,image/apng,*/*;q=0.8',
  'referer' => 'http://127.0.0.1/hx/public/admin/index/index.html',
  'accept-encoding' => 'gzip, deflate, br',
  'accept-language' => 'zh-CN,zh;q=0.9',
  'cookie' => 'thinkphp_show_page_trace=0|0; admin_username=admin; R3ErIO_admin_username=supplier; PHPSESSID=19jkv66j97qge4snpuhh2bh4i6',
)
[ info ] [ PARAM ] array (
)
[ info ] [ LANG ] G:\PHPTutorial\WWW\hx\public/../simplewind/cmf/lang\zh-cn.php
[ info ] [ LANG ] G:\PHPTutorial\WWW\hx\public/../app/admin\lang\zh-cn\common.php
[ info ] [ LANG ] G:\PHPTutorial\WWW\hx\public/../app/portal\lang\zh-cn\common.php
[ info ] [ BEHAVIOR ] Run cmf\behavior\LangBehavior @app_begin [ RunTime:0.005473s ]
[ info ] [ LANG ] G:\PHPTutorial\WWW\hx\public/../app/admin\lang\zh-cn.php
[ info ] [ BEHAVIOR ] Run cmf\behavior\InitAppHookBehavior @module_init [ RunTime:0.000977s ]
[ info ] [ LANG ] G:\PHPTutorial\WWW\hx\public/../app/admin\lang\zh-cn\admin_menu.php
[ info ] [ LANG ] G:\PHPTutorial\WWW\hx\public/../app/admin\lang\zh-cn\admin.php
[ info ] [ LANG ] G:\PHPTutorial\WWW\hx\public/../app/user\lang\zh-cn\admin_menu.php
[ info ] [ LANG ] G:\PHPTutorial\WWW\hx\public/../data/lang/zh-cn/admin_menu.php
[ info ] [ BEHAVIOR ] Run cmf\behavior\AdminLangBehavior @admin_init [ RunTime:0.002462s ]
[ info ] [ SESSION ] INIT array (
  'id' => '',
  'var_session_id' => '',
  'prefix' => 'think',
  'type' => '',
  'auto_start' => true,
)
[ info ] [ DB ] INIT mysql
[ info ] [ RUN ] app\admin\controller\MainController->index[ G:\PHPTutorial\WWW\hx\app\admin\controller\MainController.php ]
[ info ] [ VIEW ] themes/admin_simpleboot3/admin\main\index.html [ array (
  0 => 'admin',
  1 => 'dashboard_widgets',
  2 => 'dashboard_widget_plugins',
  3 => 'has_smtp_setting',
) ]
[ info ] [ LOG ] INIT File
[ sql ] [ DB ] CONNECT:[ UseTime:0.008087s ] mysql:host=127.0.0.1;port=3306;dbname=thinkcmf5;charset=utf8mb4
[ sql ] [ SQL ] SHOW COLUMNS FROM `cmf_user` [ RunTime:0.011025s ]
[ sql ] [ SQL ] SELECT * FROM `cmf_user` WHERE  `id` = 1 LIMIT 1 [ RunTime:0.000642s ]
---------------------------------------------------------------
[ 2018-09-17T17:14:51+08:00 ] 127.0.0.1 GET /hx/public/index.php
[ info ] 127.0.0.1/hx/public/index.php [运行时间：0.608611s][吞吐率：1.64req/s] [内存消耗：4,151.48kb] [文件加载：88]
[ info ] [ CACHE ] INIT File
[ info ] [ BEHAVIOR ] Run cmf\behavior\InitHookBehavior @app_init [ RunTime:0.003770s ]
[ info ] [ LANG ] G:\PHPTutorial\WWW\hx\simplewind\thinkphp\lang\zh-cn.php
[ info ] [ ROUTE ] array (
  'type' => 'module',
  'module' => 
  array (
    0 => '',
    1 => NULL,
    2 => NULL,
  ),
)
[ info ] [ HEADER ] array (
  'host' => '127.0.0.1',
  'accept-encoding' => 'compress,gzip',
  'connection' => 'Close',
)
[ info ] [ PARAM ] array (
)
[ info ] [ LANG ] G:\PHPTutorial\WWW\hx\public/../simplewind/cmf/lang\zh-cn.php
[ info ] [ LANG ] G:\PHPTutorial\WWW\hx\public/../app/admin\lang\zh-cn\common.php
[ info ] [ LANG ] G:\PHPTutorial\WWW\hx\public/../app/portal\lang\zh-cn\common.php
[ info ] [ BEHAVIOR ] Run cmf\behavior\LangBehavior @app_begin [ RunTime:0.001430s ]
[ info ] [ LANG ] G:\PHPTutorial\WWW\hx\public/../app/portal\lang\zh-cn.php
[ info ] [ BEHAVIOR ] Run cmf\behavior\InitAppHookBehavior @module_init [ RunTime:0.000592s ]
[ info ] [ LANG ] G:\PHPTutorial\WWW\hx\public/../app/portal\lang\zh-cn\home.php
[ info ] [ BEHAVIOR ] Run cmf\behavior\HomeLangBehavior @home_init [ RunTime:0.001386s ]
[ info ] [ RUN ] app\portal\controller\IndexController->index[ G:\PHPTutorial\WWW\hx\app\portal\controller\IndexController.php ]
[ info ] [ DB ] INIT mysql
[ info ] [ VIEW ] themes/simpleboot3/portal\\index.html [ array (
  0 => 'site_info',
  1 => 'theme_vars',
  2 => 'theme_widgets',
) ]
[ info ] [ SESSION ] INIT array (
  'id' => '',
  'var_session_id' => '',
  'prefix' => 'think',
  'type' => '',
  'auto_start' => true,
)
[ info ] [ LOG ] INIT File
[ sql ] [ DB ] CONNECT:[ UseTime:0.003409s ] mysql:host=127.0.0.1;port=3306;dbname=thinkcmf5;charset=utf8mb4
[ sql ] [ SQL ] SHOW COLUMNS FROM `cmf_theme_file` [ RunTime:0.032716s ]
[ sql ] [ SQL ] SELECT * FROM `cmf_theme_file` WHERE  `theme` = 'simpleboot3'  AND `file` = 'portal/article' LIMIT 1 [ RunTime:0.000519s ]
[ sql ] [ SQL ] UPDATE `cmf_theme_file`  SET `theme`='simpleboot3',`action`='portal/Article/index',`file`='portal/article',`name`='文章页',`more`='{\"vars\":{\"hot_articles_category_id\":{\"title\":\"Hot Articles\\u5206\\u7c7bID\",\"value\":\"1\",\"type\":\"text\",\"tip\":\"\",\"rule\":[]}}}',`config_more`='{\"vars\":{\"hot_articles_category_id\":{\"title\":\"Hot Articles\\u5206\\u7c7bID\",\"value\":\"1\",\"type\":\"text\",\"tip\":\"\",\"rule\":[]}}}',`description`='文章页模板文件',`is_public`=0,`list_order`=10  WHERE  `theme` = 'simpleboot3'  AND `file` = 'portal/article' [ RunTime:0.036181s ]
[ sql ] [ SQL ] SELECT * FROM `cmf_theme_file` WHERE  `theme` = 'simpleboot3'  AND `file` = 'portal/contact' LIMIT 1 [ RunTime:0.000499s ]
[ sql ] [ SQL ] UPDATE `cmf_theme_file`  SET `theme`='simpleboot3',`action`='portal/Page/index',`file`='portal/contact',`name`='联系我们页',`more`='{\"vars\":{\"baidu_map_info_window_text\":{\"title\":\"\\u767e\\u5ea6\\u5730\\u56fe\\u6807\\u6ce8\\u6587\\u5b57\",\"name\":\"baidu_map_info_window_text\",\"value\":\"ThinkCMF<br\\/><span class=\'\'>\\u5730\\u5740\\uff1a\\u4e0a\\u6d77\\u5e02\\u5f90\\u6c47\\u533a\\u659c\\u571f\\u8def2601\\u53f7<\\/span>\",\"type\":\"text\",\"tip\":\"\\u767e\\u5ea6\\u5730\\u56fe\\u6807\\u6ce8\\u6587\\u5b57,\\u652f\\u6301\\u7b80\\u5355html\\u4ee3\\u7801\",\"rule\":[]},\"company_location\":{\"title\":\"\\u516c\\u53f8\\u5750\\u6807\",\"value\":\"\",\"type\":\"location\",\"tip\":\"\",\"rule\":{\"require\":true}},\"address_cn\":{\"title\":\"\\u516c\\u53f8\\u5730\\u5740\",\"value\":\"\\u4e0a\\u6d77\\u5e02\\u5f90\\u6c47\\u533a\\u659c\\u571f\\u8def0001\\u53f7\",\"type\":\"text\",\"tip\":\"\",\"rule\":{\"require\":true}},\"address_en\":{\"title\":\"\\u516c\\u53f8\\u5730\\u5740\\uff08\\u82f1\\u6587\\uff09\",\"value\":\"NO.0001 Xie Tu Road, Shanghai China\",\"type\":\"text\",\"tip\":\"\",\"rule\":{\"require\":true}},\"email\":{\"title\":\"\\u516c\\u53f8\\u90ae\\u7bb1\",\"value\":\"catman@thinkcmf.com\",\"type\":\"text\",\"tip\":\"\",\"rule\":{\"require\":true}},\"phone_cn\":{\"title\":\"\\u516c\\u53f8\\u7535\\u8bdd\",\"value\":\"021 1000 0001\",\"type\":\"text\",\"tip\":\"\",\"rule\":{\"require\":true}},\"phone_en\":{\"title\":\"\\u516c\\u53f8\\u7535\\u8bdd\\uff08\\u82f1\\u6587\\uff09\",\"value\":\"+8621 1000 0001\",\"type\":\"text\",\"tip\":\"\",\"rule\":{\"require\":true}},\"qq\":{\"title\":\"\\u8054\\u7cfbQQ\",\"value\":\"478519726\",\"type\":\"text\",\"tip\":\"\\u591a\\u4e2a QQ\\u4ee5\\u82f1\\u6587\\u9017\\u53f7\\u9694\\u5f00\",\"rule\":{\"require\":true}}}}',`config_more`='{\"vars\":{\"baidu_map_info_window_text\":{\"title\":\"\\u767e\\u5ea6\\u5730\\u56fe\\u6807\\u6ce8\\u6587\\u5b57\",\"name\":\"baidu_map_info_window_text\",\"value\":\"ThinkCMF<br\\/><span class=\'\'>\\u5730\\u5740\\uff1a\\u4e0a\\u6d77\\u5e02\\u5f90\\u6c47\\u533a\\u659c\\u571f\\u8def2601\\u53f7<\\/span>\",\"type\":\"text\",\"tip\":\"\\u767e\\u5ea6\\u5730\\u56fe\\u6807\\u6ce8\\u6587\\u5b57,\\u652f\\u6301\\u7b80\\u5355html\\u4ee3\\u7801\",\"rule\":[]},\"company_location\":{\"title\":\"\\u516c\\u53f8\\u5750\\u6807\",\"value\":\"\",\"type\":\"location\",\"tip\":\"\",\"rule\":{\"require\":true}},\"address_cn\":{\"title\":\"\\u516c\\u53f8\\u5730\\u5740\",\"value\":\"\\u4e0a\\u6d77\\u5e02\\u5f90\\u6c47\\u533a\\u659c\\u571f\\u8def0001\\u53f7\",\"type\":\"text\",\"tip\":\"\",\"rule\":{\"require\":true}},\"address_en\":{\"title\":\"\\u516c\\u53f8\\u5730\\u5740\\uff08\\u82f1\\u6587\\uff09\",\"value\":\"NO.0001 Xie Tu Road, Shanghai China\",\"type\":\"text\",\"tip\":\"\",\"rule\":{\"require\":true}},\"email\":{\"title\":\"\\u516c\\u53f8\\u90ae\\u7bb1\",\"value\":\"catman@thinkcmf.com\",\"type\":\"text\",\"tip\":\"\",\"rule\":{\"require\":true}},\"phone_cn\":{\"title\":\"\\u516c\\u53f8\\u7535\\u8bdd\",\"value\":\"021 1000 0001\",\"type\":\"text\",\"tip\":\"\",\"rule\":{\"require\":true}},\"phone_en\":{\"title\":\"\\u516c\\u53f8\\u7535\\u8bdd\\uff08\\u82f1\\u6587\\uff09\",\"value\":\"+8621 1000 0001\",\"type\":\"text\",\"tip\":\"\",\"rule\":{\"require\":true}},\"qq\":{\"title\":\"\\u8054\\u7cfbQQ\",\"value\":\"478519726\",\"type\":\"text\",\"tip\":\"\\u591a\\u4e2a QQ\\u4ee5\\u82f1\\u6587\\u9017\\u53f7\\u9694\\u5f00\",\"rule\":{\"require\":true}}}}',`description`='联系我们页模板文件',`is_public`=0,`list_order`=10  WHERE  `theme` = 'simpleboot3'  AND `file` = 'portal/contact' [ RunTime:0.029710s ]
[ sql ] [ SQL ] SELECT * FROM `cmf_theme_file` WHERE  `theme` = 'simpleboot3'  AND `file` = 'portal/index' LIMIT 1 [ RunTime:0.001270s ]
[ sql ] [ SQL ] UPDATE `cmf_theme_file`  SET `theme`='simpleboot3',`action`='portal/Index/index',`file`='portal/index',`name`='首页',`more`='{\"vars\":{\"top_slide\":{\"title\":\"\\u9876\\u90e8\\u5e7b\\u706f\\u7247\",\"value\":\"\",\"type\":\"text\",\"dataSource\":{\"api\":\"admin\\/Slide\\/index\",\"multi\":false},\"placeholder\":\"\\u8bf7\\u9009\\u62e9\\u9876\\u90e8\\u5e7b\\u706f\\u7247\",\"tip\":\"\\u9876\\u90e8\\u5e7b\\u706f\\u7247\",\"rule\":{\"require\":true}}},\"widgets\":{\"features\":{\"title\":\"\\u5feb\\u901f\\u4e86\\u89e3ThinkCMF\",\"display\":\"1\",\"vars\":{\"sub_title\":{\"title\":\"\\u526f\\u6807\\u9898\",\"value\":\"Quickly understand the ThinkCMF\",\"type\":\"text\",\"placeholder\":\"\\u8bf7\\u8f93\\u5165\\u526f\\u6807\\u9898\",\"tip\":\"\",\"rule\":{\"require\":true}},\"features\":{\"title\":\"\\u7279\\u6027\\u4ecb\\u7ecd\",\"value\":[{\"title\":\"MVC\\u5206\\u5c42\\u6a21\\u5f0f\",\"icon\":\"bars\",\"content\":\"\\u4f7f\\u7528MVC\\u5e94\\u7528\\u7a0b\\u5e8f\\u88ab\\u5206\\u6210\\u4e09\\u4e2a\\u6838\\u5fc3\\u90e8\\u4ef6\\uff1a\\u6a21\\u578b\\uff08M\\uff09\\u3001\\u89c6\\u56fe\\uff08V\\uff09\\u3001\\u63a7\\u5236\\u5668\\uff08C\\uff09\\uff0c\\u4ed6\\u4e0d\\u662f\\u4e00\\u4e2a\\u65b0\\u7684\\u6982\\u5ff5\\uff0c\\u53ea\\u662fThinkCMF\\u5c06\\u5176\\u53d1\\u6325\\u5230\\u4e86\\u6781\\u81f4\\u3002\"},{\"title\":\"\\u7528\\u6237\\u7ba1\\u7406\",\"icon\":\"group\",\"content\":\"ThinkCMF\\u5185\\u7f6e\\u4e86\\u7075\\u6d3b\\u7684\\u7528\\u6237\\u7ba1\\u7406\\u65b9\\u5f0f\\uff0c\\u5e76\\u53ef\\u76f4\\u63a5\\u4e0e\\u7b2c\\u4e09\\u65b9\\u7ad9\\u70b9\\u8fdb\\u884c\\u4e92\\u8054\\u4e92\\u901a\\uff0c\\u5982\\u679c\\u4f60\\u613f\\u610f\\u751a\\u81f3\\u53ef\\u4ee5\\u5bf9\\u5355\\u4e2a\\u7528\\u6237\\u6216\\u7fa4\\u4f53\\u7528\\u6237\\u7684\\u884c\\u4e3a\\u8fdb\\u884c\\u8bb0\\u5f55\\u53ca\\u5206\\u4eab\\uff0c\\u4e3a\\u60a8\\u7684\\u8fd0\\u8425\\u51b3\\u7b56\\u63d0\\u4f9b\\u6709\\u6548\\u53c2\\u8003\\u6570\\u636e\\u3002\"},{\"title\":\"\\u4e91\\u7aef\\u90e8\\u7f72\",\"icon\":\"cloud\",\"content\":\"\\u901a\\u8fc7\\u9a71\\u52a8\\u7684\\u65b9\\u5f0f\\u53ef\\u4ee5\\u8f7b\\u677e\\u652f\\u6301\\u4e91\\u5e73\\u53f0\\u7684\\u90e8\\u7f72\\uff0c\\u8ba9\\u4f60\\u7684\\u7f51\\u7ad9\\u65e0\\u7f1d\\u8fc1\\u79fb\\uff0c\\u5185\\u7f6e\\u5df2\\u7ecf\\u652f\\u6301SAE\\u3001BAE\\uff0c\\u6b63\\u5f0f\\u7248\\u5c06\\u5bf9\\u4e91\\u7aef\\u90e8\\u7f72\\u8fdb\\u884c\\u8fdb\\u4e00\\u6b65\\u4f18\\u5316\\u3002\"},{\"title\":\"\\u5b89\\u5168\\u7b56\\u7565\",\"icon\":\"heart\",\"content\":\"\\u63d0\\u4f9b\\u7684\\u7a33\\u5065\\u7684\\u5b89\\u5168\\u7b56\\u7565\\uff0c\\u5305\\u62ec\\u5907\\u4efd\\u6062\\u590d\\uff0c\\u5bb9\\u9519\\uff0c\\u9632\\u6cbb\\u6076\\u610f\\u653b\\u51fb\\u767b\\u9646\\uff0c\\u7f51\\u9875\\u9632\\u7be1\\u6539\\u7b49\\u591a\\u9879\\u5b89\\u5168\\u7ba1\\u7406\\u529f\\u80fd\\uff0c\\u4fdd\\u8bc1\\u7cfb\\u7edf\\u5b89\\u5168\\uff0c\\u53ef\\u9760\\uff0c\\u7a33\\u5b9a\\u7684\\u8fd0\\u884c\\u3002\"},{\"title\":\"\\u5e94\\u7528\\u6a21\\u5757\\u5316\",\"icon\":\"cubes\",\"content\":\"\\u63d0\\u51fa\\u5168\\u65b0\\u7684\\u5e94\\u7528\\u6a21\\u5f0f\\u8fdb\\u884c\\u6269\\u5c55\\uff0c\\u4e0d\\u7ba1\\u662f\\u4f60\\u5f00\\u53d1\\u4e00\\u4e2a\\u5c0f\\u529f\\u80fd\\u8fd8\\u662f\\u4e00\\u4e2a\\u5168\\u65b0\\u7684\\u7ad9\\u70b9\\uff0c\\u5728ThinkCMF\\u4e2d\\u4f60\\u53ea\\u662f\\u589e\\u52a0\\u4e86\\u4e00\\u4e2aAPP\\uff0c\\u6bcf\\u4e2a\\u72ec\\u7acb\\u8fd0\\u884c\\u4e92\\u4e0d\\u5f71\\u54cd\\uff0c\\u4fbf\\u4e8e\\u7075\\u6d3b\\u6269\\u5c55\\u548c\\u4e8c\\u6b21\\u5f00\\u53d1\\u3002\"},{\"title\":\"\\u514d\\u8d39\\u5f00\\u6e90\",\"icon\":\"certificate\",\"content\":\"\\u4ee3\\u7801\\u9075\\u5faaApache2\\u5f00\\u6e90\\u534f\\u8bae\\uff0c\\u514d\\u8d39\\u4f7f\\u7528\\uff0c\\u5bf9\\u5546\\u4e1a\\u7528\\u6237\\u4e5f\\u65e0\\u4efb\\u4f55\\u9650\\u5236\\u3002\"}],\"type\":\"array\",\"item\":{\"title\":{\"title\":\"\\u6807\\u9898\",\"value\":\"\",\"type\":\"text\",\"rule\":{\"require\":true}},\"icon\":{\"title\":\"\\u56fe\\u6807\",\"value\":\"\",\"type\":\"text\"},\"content\":{\"title\":\"\\u63cf\\u8ff0\",\"value\":\"\",\"type\":\"textarea\"}},\"tip\":\"\"}}},\"last_news\":{\"title\":\"\\u6700\\u65b0\\u8d44\\u8baf\",\"display\":\"1\",\"vars\":{\"last_news_category_id\":{\"title\":\"\\u6587\\u7ae0\\u5206\\u7c7bID\",\"value\":\"\",\"type\":\"text\",\"dataSource\":{\"api\":\"portal\\/Category\\/index\",\"multi\":true},\"placeholder\":\"\\u8bf7\\u9009\\u62e9\\u5206\\u7c7b\",\"tip\":\"\",\"rule\":{\"require\":true}}}}}}',`config_more`='{\"vars\":{\"top_slide\":{\"title\":\"\\u9876\\u90e8\\u5e7b\\u706f\\u7247\",\"value\":\"\",\"type\":\"text\",\"dataSource\":{\"api\":\"admin\\/Slide\\/index\",\"multi\":false},\"placeholder\":\"\\u8bf7\\u9009\\u62e9\\u9876\\u90e8\\u5e7b\\u706f\\u7247\",\"tip\":\"\\u9876\\u90e8\\u5e7b\\u706f\\u7247\",\"rule\":{\"require\":true}}},\"widgets\":{\"features\":{\"title\":\"\\u5feb\\u901f\\u4e86\\u89e3ThinkCMF\",\"display\":\"1\",\"vars\":{\"sub_title\":{\"title\":\"\\u526f\\u6807\\u9898\",\"value\":\"Quickly understand the ThinkCMF\",\"type\":\"text\",\"placeholder\":\"\\u8bf7\\u8f93\\u5165\\u526f\\u6807\\u9898\",\"tip\":\"\",\"rule\":{\"require\":true}},\"features\":{\"title\":\"\\u7279\\u6027\\u4ecb\\u7ecd\",\"value\":[{\"title\":\"MVC\\u5206\\u5c42\\u6a21\\u5f0f\",\"icon\":\"bars\",\"content\":\"\\u4f7f\\u7528MVC\\u5e94\\u7528\\u7a0b\\u5e8f\\u88ab\\u5206\\u6210\\u4e09\\u4e2a\\u6838\\u5fc3\\u90e8\\u4ef6\\uff1a\\u6a21\\u578b\\uff08M\\uff09\\u3001\\u89c6\\u56fe\\uff08V\\uff09\\u3001\\u63a7\\u5236\\u5668\\uff08C\\uff09\\uff0c\\u4ed6\\u4e0d\\u662f\\u4e00\\u4e2a\\u65b0\\u7684\\u6982\\u5ff5\\uff0c\\u53ea\\u662fThinkCMF\\u5c06\\u5176\\u53d1\\u6325\\u5230\\u4e86\\u6781\\u81f4\\u3002\"},{\"title\":\"\\u7528\\u6237\\u7ba1\\u7406\",\"icon\":\"group\",\"content\":\"ThinkCMF\\u5185\\u7f6e\\u4e86\\u7075\\u6d3b\\u7684\\u7528\\u6237\\u7ba1\\u7406\\u65b9\\u5f0f\\uff0c\\u5e76\\u53ef\\u76f4\\u63a5\\u4e0e\\u7b2c\\u4e09\\u65b9\\u7ad9\\u70b9\\u8fdb\\u884c\\u4e92\\u8054\\u4e92\\u901a\\uff0c\\u5982\\u679c\\u4f60\\u613f\\u610f\\u751a\\u81f3\\u53ef\\u4ee5\\u5bf9\\u5355\\u4e2a\\u7528\\u6237\\u6216\\u7fa4\\u4f53\\u7528\\u6237\\u7684\\u884c\\u4e3a\\u8fdb\\u884c\\u8bb0\\u5f55\\u53ca\\u5206\\u4eab\\uff0c\\u4e3a\\u60a8\\u7684\\u8fd0\\u8425\\u51b3\\u7b56\\u63d0\\u4f9b\\u6709\\u6548\\u53c2\\u8003\\u6570\\u636e\\u3002\"},{\"title\":\"\\u4e91\\u7aef\\u90e8\\u7f72\",\"icon\":\"cloud\",\"content\":\"\\u901a\\u8fc7\\u9a71\\u52a8\\u7684\\u65b9\\u5f0f\\u53ef\\u4ee5\\u8f7b\\u677e\\u652f\\u6301\\u4e91\\u5e73\\u53f0\\u7684\\u90e8\\u7f72\\uff0c\\u8ba9\\u4f60\\u7684\\u7f51\\u7ad9\\u65e0\\u7f1d\\u8fc1\\u79fb\\uff0c\\u5185\\u7f6e\\u5df2\\u7ecf\\u652f\\u6301SAE\\u3001BAE\\uff0c\\u6b63\\u5f0f\\u7248\\u5c06\\u5bf9\\u4e91\\u7aef\\u90e8\\u7f72\\u8fdb\\u884c\\u8fdb\\u4e00\\u6b65\\u4f18\\u5316\\u3002\"},{\"title\":\"\\u5b89\\u5168\\u7b56\\u7565\",\"icon\":\"heart\",\"content\":\"\\u63d0\\u4f9b\\u7684\\u7a33\\u5065\\u7684\\u5b89\\u5168\\u7b56\\u7565\\uff0c\\u5305\\u62ec\\u5907\\u4efd\\u6062\\u590d\\uff0c\\u5bb9\\u9519\\uff0c\\u9632\\u6cbb\\u6076\\u610f\\u653b\\u51fb\\u767b\\u9646\\uff0c\\u7f51\\u9875\\u9632\\u7be1\\u6539\\u7b49\\u591a\\u9879\\u5b89\\u5168\\u7ba1\\u7406\\u529f\\u80fd\\uff0c\\u4fdd\\u8bc1\\u7cfb\\u7edf\\u5b89\\u5168\\uff0c\\u53ef\\u9760\\uff0c\\u7a33\\u5b9a\\u7684\\u8fd0\\u884c\\u3002\"},{\"title\":\"\\u5e94\\u7528\\u6a21\\u5757\\u5316\",\"icon\":\"cubes\",\"content\":\"\\u63d0\\u51fa\\u5168\\u65b0\\u7684\\u5e94\\u7528\\u6a21\\u5f0f\\u8fdb\\u884c\\u6269\\u5c55\\uff0c\\u4e0d\\u7ba1\\u662f\\u4f60\\u5f00\\u53d1\\u4e00\\u4e2a\\u5c0f\\u529f\\u80fd\\u8fd8\\u662f\\u4e00\\u4e2a\\u5168\\u65b0\\u7684\\u7ad9\\u70b9\\uff0c\\u5728ThinkCMF\\u4e2d\\u4f60\\u53ea\\u662f\\u589e\\u52a0\\u4e86\\u4e00\\u4e2aAPP\\uff0c\\u6bcf\\u4e2a\\u72ec\\u7acb\\u8fd0\\u884c\\u4e92\\u4e0d\\u5f71\\u54cd\\uff0c\\u4fbf\\u4e8e\\u7075\\u6d3b\\u6269\\u5c55\\u548c\\u4e8c\\u6b21\\u5f00\\u53d1\\u3002\"},{\"title\":\"\\u514d\\u8d39\\u5f00\\u6e90\",\"icon\":\"certificate\",\"content\":\"\\u4ee3\\u7801\\u9075\\u5faaApache2\\u5f00\\u6e90\\u534f\\u8bae\\uff0c\\u514d\\u8d39\\u4f7f\\u7528\\uff0c\\u5bf9\\u5546\\u4e1a\\u7528\\u6237\\u4e5f\\u65e0\\u4efb\\u4f55\\u9650\\u5236\\u3002\"}],\"type\":\"array\",\"item\":{\"title\":{\"title\":\"\\u6807\\u9898\",\"value\":\"\",\"type\":\"text\",\"rule\":{\"require\":true}},\"icon\":{\"title\":\"\\u56fe\\u6807\",\"value\":\"\",\"type\":\"text\"},\"content\":{\"title\":\"\\u63cf\\u8ff0\",\"value\":\"\",\"type\":\"textarea\"}},\"tip\":\"\"}}},\"last_news\":{\"title\":\"\\u6700\\u65b0\\u8d44\\u8baf\",\"display\":\"1\",\"vars\":{\"last_news_category_id\":{\"title\":\"\\u6587\\u7ae0\\u5206\\u7c7bID\",\"value\":\"\",\"type\":\"text\",\"dataSource\":{\"api\":\"portal\\/Category\\/index\",\"multi\":true},\"placeholder\":\"\\u8bf7\\u9009\\u62e9\\u5206\\u7c7b\",\"tip\":\"\",\"rule\":{\"require\":true}}}}}}',`description`='首页模板文件',`is_public`=0,`list_order`=5  WHERE  `theme` = 'simpleboot3'  AND `file` = 'portal/index' [ RunTime:0.030027s ]
[ sql ] [ SQL ] SELECT * FROM `cmf_theme_file` WHERE  `theme` = 'simpleboot3'  AND `file` = 'portal/list' LIMIT 1 [ RunTime:0.000638s ]
[ sql ] [ SQL ] UPDATE `cmf_theme_file`  SET `theme`='simpleboot3',`action`='portal/List/index',`file`='portal/list',`name`='文章列表页',`more`='{\"vars\":[],\"widgets\":{\"hottest_articles\":{\"title\":\"\\u70ed\\u95e8\\u6587\\u7ae0\",\"display\":\"1\",\"vars\":{\"hottest_articles_category_id\":{\"title\":\"\\u6587\\u7ae0\\u5206\\u7c7bID\",\"value\":\"\",\"type\":\"text\",\"dataSource\":{\"api\":\"portal\\/category\\/index\",\"multi\":true},\"placeholder\":\"\\u8bf7\\u9009\\u62e9\\u5206\\u7c7b\",\"tip\":\"\",\"rule\":{\"require\":true}}}},\"last_articles\":{\"title\":\"\\u6700\\u65b0\\u53d1\\u5e03\",\"display\":\"1\",\"vars\":{\"last_articles_category_id\":{\"title\":\"\\u6587\\u7ae0\\u5206\\u7c7bID\",\"value\":\"\",\"type\":\"text\",\"dataSource\":{\"api\":\"portal\\/category\\/index\",\"multi\":true},\"placeholder\":\"\\u8bf7\\u9009\\u62e9\\u5206\\u7c7b\",\"tip\":\"\",\"rule\":{\"require\":true}}}}}}',`config_more`='{\"vars\":[],\"widgets\":{\"hottest_articles\":{\"title\":\"\\u70ed\\u95e8\\u6587\\u7ae0\",\"display\":\"1\",\"vars\":{\"hottest_articles_category_id\":{\"title\":\"\\u6587\\u7ae0\\u5206\\u7c7bID\",\"value\":\"\",\"type\":\"text\",\"dataSource\":{\"api\":\"portal\\/category\\/index\",\"multi\":true},\"placeholder\":\"\\u8bf7\\u9009\\u62e9\\u5206\\u7c7b\",\"tip\":\"\",\"rule\":{\"require\":true}}}},\"last_articles\":{\"title\":\"\\u6700\\u65b0\\u53d1\\u5e03\",\"display\":\"1\",\"vars\":{\"last_articles_category_id\":{\"title\":\"\\u6587\\u7ae0\\u5206\\u7c7bID\",\"value\":\"\",\"type\":\"text\",\"dataSource\":{\"api\":\"portal\\/category\\/index\",\"multi\":true},\"placeholder\":\"\\u8bf7\\u9009\\u62e9\\u5206\\u7c7b\",\"tip\":\"\",\"rule\":{\"require\":true}}}}}}',`description`='文章列表模板文件',`is_public`=0,`list_order`=10  WHERE  `theme` = 'simpleboot3'  AND `file` = 'portal/list' [ RunTime:0.028213s ]
[ sql ] [ SQL ] SELECT * FROM `cmf_theme_file` WHERE  `theme` = 'simpleboot3'  AND `file` = 'portal/page' LIMIT 1 [ RunTime:0.000525s ]
[ sql ] [ SQL ] UPDATE `cmf_theme_file`  SET `theme`='simpleboot3',`action`='portal/Page/index',`file`='portal/page',`name`='单页面',`more`='{\"widgets\":{\"hottest_articles\":{\"title\":\"\\u70ed\\u95e8\\u6587\\u7ae0\",\"display\":\"1\",\"vars\":{\"hottest_articles_category_id\":{\"title\":\"\\u6587\\u7ae0\\u5206\\u7c7bID\",\"value\":\"\",\"type\":\"text\",\"dataSource\":{\"api\":\"portal\\/category\\/index\",\"multi\":true},\"placeholder\":\"\\u8bf7\\u9009\\u62e9\\u5206\\u7c7b\",\"tip\":\"\",\"rule\":{\"require\":true}}}},\"last_articles\":{\"title\":\"\\u6700\\u65b0\\u53d1\\u5e03\",\"display\":\"1\",\"vars\":{\"last_articles_category_id\":{\"title\":\"\\u6587\\u7ae0\\u5206\\u7c7bID\",\"value\":\"\",\"type\":\"text\",\"dataSource\":{\"api\":\"portal\\/category\\/index\",\"multi\":true},\"placeholder\":\"\\u8bf7\\u9009\\u62e9\\u5206\\u7c7b\",\"tip\":\"\",\"rule\":{\"require\":true}}}}}}',`config_more`='{\"widgets\":{\"hottest_articles\":{\"title\":\"\\u70ed\\u95e8\\u6587\\u7ae0\",\"display\":\"1\",\"vars\":{\"hottest_articles_category_id\":{\"title\":\"\\u6587\\u7ae0\\u5206\\u7c7bID\",\"value\":\"\",\"type\":\"text\",\"dataSource\":{\"api\":\"portal\\/category\\/index\",\"multi\":true},\"placeholder\":\"\\u8bf7\\u9009\\u62e9\\u5206\\u7c7b\",\"tip\":\"\",\"rule\":{\"require\":true}}}},\"last_articles\":{\"title\":\"\\u6700\\u65b0\\u53d1\\u5e03\",\"display\":\"1\",\"vars\":{\"last_articles_category_id\":{\"title\":\"\\u6587\\u7ae0\\u5206\\u7c7bID\",\"value\":\"\",\"type\":\"text\",\"dataSource\":{\"api\":\"portal\\/category\\/index\",\"multi\":true},\"placeholder\":\"\\u8bf7\\u9009\\u62e9\\u5206\\u7c7b\",\"tip\":\"\",\"rule\":{\"require\":true}}}}}}',`description`='单页面模板文件',`is_public`=0,`list_order`=10  WHERE  `theme` = 'simpleboot3'  AND `file` = 'portal/page' [ RunTime:0.025272s ]
[ sql ] [ SQL ] SELECT * FROM `cmf_theme_file` WHERE  `theme` = 'simpleboot3'  AND `file` = 'portal/search' LIMIT 1 [ RunTime:0.000695s ]
[ sql ] [ SQL ] UPDATE `cmf_theme_file`  SET `theme`='simpleboot3',`action`='portal/search/index',`file`='portal/search',`name`='搜索页面',`more`='{\"vars\":{\"varName1\":{\"title\":\"\\u70ed\\u95e8\\u641c\\u7d22\",\"value\":\"1\",\"type\":\"text\",\"tip\":\"\\u8fd9\\u662f\\u4e00\\u4e2atext\",\"rule\":{\"require\":true}}}}',`config_more`='{\"vars\":{\"varName1\":{\"title\":\"\\u70ed\\u95e8\\u641c\\u7d22\",\"value\":\"1\",\"type\":\"text\",\"tip\":\"\\u8fd9\\u662f\\u4e00\\u4e2atext\",\"rule\":{\"require\":true}}}}',`description`='搜索模板文件',`is_public`=0,`list_order`=10  WHERE  `theme` = 'simpleboot3'  AND `file` = 'portal/search' [ RunTime:0.028802s ]
[ sql ] [ SQL ] SELECT * FROM `cmf_theme_file` WHERE  `theme` = 'simpleboot3'  AND `file` = 'public/config' LIMIT 1 [ RunTime:0.000512s ]
[ sql ] [ SQL ] UPDATE `cmf_theme_file`  SET `theme`='simpleboot3',`action`='public/Config',`file`='public/config',`name`='模板全局配置',`more`='{\"vars\":{\"enable_mobile\":{\"title\":\"\\u624b\\u673a\\u6ce8\\u518c\",\"value\":1,\"type\":\"select\",\"options\":{\"1\":\"\\u5f00\\u542f\",\"0\":\"\\u5173\\u95ed\"},\"tip\":\"\"}}}',`config_more`='{\"vars\":{\"enable_mobile\":{\"title\":\"\\u624b\\u673a\\u6ce8\\u518c\",\"value\":1,\"type\":\"select\",\"options\":{\"1\":\"\\u5f00\\u542f\",\"0\":\"\\u5173\\u95ed\"},\"tip\":\"\"}}}',`description`='模板全局配置文件',`is_public`=1,`list_order`=0  WHERE  `theme` = 'simpleboot3'  AND `file` = 'public/config' [ RunTime:0.025741s ]
[ sql ] [ SQL ] SELECT * FROM `cmf_theme_file` WHERE  `theme` = 'simpleboot3'  AND `file` = 'public/nav' LIMIT 1 [ RunTime:0.000507s ]
[ sql ] [ SQL ] UPDATE `cmf_theme_file`  SET `theme`='simpleboot3',`action`='public/Nav',`file`='public/nav',`name`='导航条',`more`='{\"vars\":{\"company_name\":{\"title\":\"\\u516c\\u53f8\\u540d\\u79f0\",\"name\":\"company_name\",\"value\":\"ThinkCMF\",\"type\":\"text\",\"tip\":\"\",\"rule\":[]}}}',`config_more`='{\"vars\":{\"company_name\":{\"title\":\"\\u516c\\u53f8\\u540d\\u79f0\",\"name\":\"company_name\",\"value\":\"ThinkCMF\",\"type\":\"text\",\"tip\":\"\",\"rule\":[]}}}',`description`='导航条模板文件',`is_public`=1,`list_order`=1  WHERE  `theme` = 'simpleboot3'  AND `file` = 'public/nav' [ RunTime:0.029013s ]
[ sql ] [ SQL ] SELECT * FROM `cmf_theme_file` WHERE  `theme` = 'simpleboot3' [ RunTime:0.000807s ]
[ sql ] [ SQL ] SHOW COLUMNS FROM `cmf_theme` [ RunTime:0.016836s ]
[ sql ] [ SQL ] UPDATE `cmf_theme`  SET `name`='simpleboot3',`version`='1.0.2',`demo_url`='http://demo.thinkcmf.com',`author`='ThinkCMF',`lang`='zh-cn',`author_url`='http://www.thinkcmf.com',`keywords`='ThinkCMF模板',`description`='ThinkCMF默认模板'  WHERE  `theme` = 'simpleboot3' [ RunTime:0.029001s ]
[ sql ] [ SQL ] SELECT `more` FROM `cmf_theme_file` WHERE  `theme` = 'simpleboot3'  AND (  `is_public` = 1 OR `file` = 'portal/index' ) [ RunTime:0.000601s ]
[ sql ] [ SQL ] SHOW COLUMNS FROM `cmf_nav` [ RunTime:0.025762s ]
[ sql ] [ SQL ] SELECT `id` FROM `cmf_nav` WHERE  `is_main` = 1 LIMIT 1 [ RunTime:0.000730s ]
[ sql ] [ SQL ] SHOW COLUMNS FROM `cmf_nav_menu` [ RunTime:0.007590s ]
[ sql ] [ SQL ] SELECT * FROM `cmf_nav_menu` WHERE  `nav_id` = 1  AND `status` = 1 ORDER BY `list_order` ASC [ RunTime:0.000483s ]
[ sql ] [ SQL ] SHOW COLUMNS FROM `cmf_slide` [ RunTime:0.008894s ]
[ sql ] [ SQL ] SELECT COUNT(*) AS tp_count FROM `cmf_slide` WHERE  `id` = 1  AND `status` = 1  AND `delete_time` = 0 LIMIT 1 [ RunTime:0.001337s ]
[ sql ] [ SQL ] SHOW COLUMNS FROM `cmf_slide_item` [ RunTime:0.007622s ]
[ sql ] [ SQL ] SELECT * FROM `cmf_slide_item` WHERE  `status` = 1  AND `slide_id` = 1 ORDER BY `list_order` ASC [ RunTime:0.000658s ]
[ sql ] [ SQL ] SHOW COLUMNS FROM `cmf_portal_post` [ RunTime:0.015231s ]
[ sql ] [ SQL ] SELECT post.*,min(category_post.category_id) as category_id FROM `cmf_portal_post` `post` INNER JOIN `cmf_portal_category_post` `category_post` ON `post`.`id`=`category_post`.`post_id` WHERE  ( `post`.`published_time` >  '0' AND `post`.`published_time` < 1537175691 )  AND `post`.`post_status` = 1  AND `post`.`post_type` = 1  AND `post`.`delete_time` = 0  AND `category_post`.`category_id` = '1' GROUP BY `post`.`id` ORDER BY `post`.`published_time` DESC LIMIT 4 [ RunTime:0.016269s ]
[ sql ] [ SQL ] SHOW COLUMNS FROM `cmf_link` [ RunTime:0.007620s ]
[ sql ] [ SQL ] SELECT * FROM `cmf_link` WHERE  `status` = 1 ORDER BY `list_order` ASC [ RunTime:0.000405s ]
