---------------------------------------------------------------
[ 2018-09-18T09:08:31+08:00 ] 127.0.0.1 GET /hx/public/admin/index/index.html
[ info ] 127.0.0.1/hx/public/admin/index/index.html [运行时间：0.283582s][吞吐率：3.53req/s] [内存消耗：2,181.62kb] [文件加载：65]
[ info ] [ CACHE ] INIT File
[ info ] [ BEHAVIOR ] Run cmf\behavior\InitHookBehavior @app_init [ RunTime:0.039390s ]
[ info ] [ LANG ] G:\PHPTutorial\WWW\hx\simplewind\thinkphp\lang\zh-cn.php
[ info ] [ ROUTE ] array (
  'type' => 'module',
  'module' => 
  array (
    0 => 'admin',
    1 => 'index',
    2 => 'index',
  ),
)
[ info ] [ HEADER ] array (
  'host' => '127.0.0.1',
  'connection' => 'keep-alive',
  'upgrade-insecure-requests' => '1',
  'user-agent' => 'Mozilla/5.0 (Windows NT 10.0; Win64; x64) AppleWebKit/537.36 (KHTML, like Gecko) Chrome/68.0.3440.106 Safari/537.36',
  'accept' => 'text/html,application/xhtml+xml,application/xml;q=0.9,image/webp,image/apng,*/*;q=0.8',
  'accept-encoding' => 'gzip, deflate, br',
  'accept-language' => 'zh-CN,zh;q=0.9',
  'cookie' => 'admin_username=admin; R3ErIO_admin_username=supplier',
)
[ info ] [ PARAM ] array (
)
[ info ] [ LANG ] G:\PHPTutorial\WWW\hx\public/../simplewind/cmf/lang\zh-cn.php
[ info ] [ LANG ] G:\PHPTutorial\WWW\hx\public/../app/admin\lang\zh-cn\common.php
[ info ] [ LANG ] G:\PHPTutorial\WWW\hx\public/../app/portal\lang\zh-cn\common.php
[ info ] [ BEHAVIOR ] Run cmf\behavior\LangBehavior @app_begin [ RunTime:0.002554s ]
[ info ] [ LANG ] G:\PHPTutorial\WWW\hx\public/../app/admin\lang\zh-cn.php
[ info ] [ BEHAVIOR ] Run cmf\behavior\InitAppHookBehavior @module_init [ RunTime:0.000692s ]
[ info ] [ SESSION ] INIT array (
  'id' => '',
  'var_session_id' => '',
  'prefix' => 'think',
  'type' => '',
  'auto_start' => true,
)
[ info ] [ LANG ] G:\PHPTutorial\WWW\hx\public/../app/admin\lang\zh-cn\admin_menu.php
[ info ] [ LANG ] G:\PHPTutorial\WWW\hx\public/../app/admin\lang\zh-cn\admin.php
[ info ] [ LANG ] G:\PHPTutorial\WWW\hx\public/../app/user\lang\zh-cn\admin_menu.php
[ info ] [ LANG ] G:\PHPTutorial\WWW\hx\public/../data/lang/zh-cn/admin_menu.php
[ info ] [ BEHAVIOR ] Run cmf\behavior\AdminLangBehavior @admin_init [ RunTime:0.009285s ]
[ info ] [ LOG ] INIT File
---------------------------------------------------------------
[ 2018-09-18T09:08:31+08:00 ] 127.0.0.1 GET /hx/public/admin/public/login.html
[ info ] 127.0.0.1/hx/public/admin/public/login.html [运行时间：0.272526s][吞吐率：3.67req/s] [内存消耗：3,206.36kb] [文件加载：75]
[ info ] [ CACHE ] INIT File
[ info ] [ BEHAVIOR ] Run cmf\behavior\InitHookBehavior @app_init [ RunTime:0.002713s ]
[ info ] [ LANG ] G:\PHPTutorial\WWW\hx\simplewind\thinkphp\lang\zh-cn.php
[ info ] [ ROUTE ] array (
  'type' => 'module',
  'module' => 
  array (
    0 => 'admin',
    1 => 'public',
    2 => 'login',
  ),
)
[ info ] [ HEADER ] array (
  'host' => '127.0.0.1',
  'connection' => 'keep-alive',
  'upgrade-insecure-requests' => '1',
  'user-agent' => 'Mozilla/5.0 (Windows NT 10.0; Win64; x64) AppleWebKit/537.36 (KHTML, like Gecko) Chrome/68.0.3440.106 Safari/537.36',
  'accept' => 'text/html,application/xhtml+xml,application/xml;q=0.9,image/webp,image/apng,*/*;q=0.8',
  'accept-encoding' => 'gzip, deflate, br',
  'accept-language' => 'zh-CN,zh;q=0.9',
  'cookie' => 'admin_username=admin; R3ErIO_admin_username=supplier; PHPSESSID=ooavgpbccq10o35p2e7nuq2v22',
)
[ info ] [ PARAM ] array (
)
[ info ] [ LANG ] G:\PHPTutorial\WWW\hx\public/../simplewind/cmf/lang\zh-cn.php
[ info ] [ LANG ] G:\PHPTutorial\WWW\hx\public/../app/admin\lang\zh-cn\common.php
[ info ] [ LANG ] G:\PHPTutorial\WWW\hx\public/../app/portal\lang\zh-cn\common.php
[ info ] [ BEHAVIOR ] Run cmf\behavior\LangBehavior @app_begin [ RunTime:0.000940s ]
[ info ] [ LANG ] G:\PHPTutorial\WWW\hx\public/../app/admin\lang\zh-cn.php
[ info ] [ BEHAVIOR ] Run cmf\behavior\InitAppHookBehavior @module_init [ RunTime:0.000339s ]
[ info ] [ RUN ] app\admin\controller\PublicController->login[ G:\PHPTutorial\WWW\hx\app\admin\controller\PublicController.php ]
[ info ] [ SESSION ] INIT array (
  'id' => '',
  'var_session_id' => '',
  'prefix' => 'think',
  'type' => '',
  'auto_start' => true,
)
[ info ] [ DB ] INIT mysql
[ info ] [ VIEW ] G:\PHPTutorial\WWW\hx\public/plugins/custom_admin_login/view/widget.html [ array (
) ]
[ info ] [ BEHAVIOR ] Run plugins\custom_admin_login\CustomAdminLoginPlugin @admin_login [ RunTime:0.220122s ]
[ info ] [ LOG ] INIT File
[ sql ] [ DB ] CONNECT:[ UseTime:0.028433s ] mysql:host=127.0.0.1;port=3306;dbname=thinkcmf5;charset=utf8mb4
[ sql ] [ SQL ] SHOW COLUMNS FROM `cmf_plugin` [ RunTime:0.122264s ]
[ sql ] [ SQL ] SELECT `config` FROM `cmf_plugin` WHERE  `name` = 'CustomAdminLogin' LIMIT 1 [ RunTime:0.001912s ]
---------------------------------------------------------------
[ 2018-09-18T09:08:31+08:00 ] 127.0.0.1 GET /hx/public/captcha/new.html?height=32&width=150&font_size=18
[ info ] 127.0.0.1/hx/public/captcha/new.html?height=32&width=150&font_size=18 [运行时间：0.124436s][吞吐率：8.04req/s] [内存消耗：1,822.63kb] [文件加载：51]
[ info ] [ CACHE ] INIT File
[ info ] [ BEHAVIOR ] Run cmf\behavior\InitHookBehavior @app_init [ RunTime:0.003365s ]
[ info ] [ LANG ] G:\PHPTutorial\WWW\hx\simplewind\thinkphp\lang\zh-cn.php
[ info ] [ ROUTE ] array (
  'type' => 'method',
  'method' => 
  array (
    0 => '\\cmf\\controller\\CaptchaController',
    1 => 'index',
  ),
  'var' => 
  array (
  ),
)
[ info ] [ HEADER ] array (
  'host' => '127.0.0.1',
  'connection' => 'keep-alive',
  'user-agent' => 'Mozilla/5.0 (Windows NT 10.0; Win64; x64) AppleWebKit/537.36 (KHTML, like Gecko) Chrome/68.0.3440.106 Safari/537.36',
  'accept' => 'image/webp,image/apng,image/*,*/*;q=0.8',
  'referer' => 'http://127.0.0.1/hx/public/admin/public/login.html',
  'accept-encoding' => 'gzip, deflate, br',
  'accept-language' => 'zh-CN,zh;q=0.9',
  'cookie' => 'admin_username=admin; R3ErIO_admin_username=supplier; PHPSESSID=ooavgpbccq10o35p2e7nuq2v22',
)
[ info ] [ PARAM ] array (
  'height' => '32',
  'width' => '150',
  'font_size' => '18',
)
[ info ] [ LANG ] G:\PHPTutorial\WWW\hx\public/../simplewind/cmf/lang\zh-cn.php
[ info ] [ LANG ] G:\PHPTutorial\WWW\hx\public/../app/admin\lang\zh-cn\common.php
[ info ] [ LANG ] G:\PHPTutorial\WWW\hx\public/../app/portal\lang\zh-cn\common.php
[ info ] [ BEHAVIOR ] Run cmf\behavior\LangBehavior @app_begin [ RunTime:0.001582s ]
[ info ] [ RUN ] cmf\controller\CaptchaController->index[ G:\PHPTutorial\WWW\hx\simplewind\cmf\controller\CaptchaController.php ]
[ info ] [ SESSION ] INIT array (
  'id' => '',
  'var_session_id' => '',
  'prefix' => 'think',
  'type' => '',
  'auto_start' => true,
)
[ info ] [ LOG ] INIT File
---------------------------------------------------------------
[ 2018-09-18T09:08:38+08:00 ] 127.0.0.1 POST /hx/public/admin/public/dologin.html
[ info ] 127.0.0.1/hx/public/admin/public/dologin.html [运行时间：0.050348s][吞吐率：19.86req/s] [内存消耗：2,210.02kb] [文件加载：64]
[ info ] [ CACHE ] INIT File
[ info ] [ BEHAVIOR ] Run cmf\behavior\InitHookBehavior @app_init [ RunTime:0.003208s ]
[ info ] [ LANG ] G:\PHPTutorial\WWW\hx\simplewind\thinkphp\lang\zh-cn.php
[ info ] [ ROUTE ] array (
  'type' => 'module',
  'module' => 
  array (
    0 => 'admin',
    1 => 'public',
    2 => 'dologin',
  ),
)
[ info ] [ HEADER ] array (
  'host' => '127.0.0.1',
  'connection' => 'keep-alive',
  'content-length' => '66',
  'accept' => 'application/json, text/javascript, */*; q=0.01',
  'origin' => 'http://127.0.0.1',
  'x-requested-with' => 'XMLHttpRequest',
  'user-agent' => 'Mozilla/5.0 (Windows NT 10.0; Win64; x64) AppleWebKit/537.36 (KHTML, like Gecko) Chrome/68.0.3440.106 Safari/537.36',
  'content-type' => 'application/x-www-form-urlencoded; charset=UTF-8',
  'referer' => 'http://127.0.0.1/hx/public/admin/public/login.html',
  'accept-encoding' => 'gzip, deflate, br',
  'accept-language' => 'zh-CN,zh;q=0.9',
  'cookie' => 'thinkphp_show_page_trace=0|0; admin_username=admin; R3ErIO_admin_username=supplier; PHPSESSID=ooavgpbccq10o35p2e7nuq2v22',
)
[ info ] [ PARAM ] array (
  'username' => 'admin',
  'password' => '123456',
  'captcha' => 'xnxf',
  '_captcha_id' => '',
  'redirect' => '',
)
[ info ] [ LANG ] G:\PHPTutorial\WWW\hx\public/../simplewind/cmf/lang\zh-cn.php
[ info ] [ LANG ] G:\PHPTutorial\WWW\hx\public/../app/admin\lang\zh-cn\common.php
[ info ] [ LANG ] G:\PHPTutorial\WWW\hx\public/../app/portal\lang\zh-cn\common.php
[ info ] [ BEHAVIOR ] Run cmf\behavior\LangBehavior @app_begin [ RunTime:0.001323s ]
[ info ] [ LANG ] G:\PHPTutorial\WWW\hx\public/../app/admin\lang\zh-cn.php
[ info ] [ BEHAVIOR ] Run cmf\behavior\InitAppHookBehavior @module_init [ RunTime:0.000455s ]
[ info ] [ RUN ] app\admin\controller\PublicController->doLogin[ G:\PHPTutorial\WWW\hx\app\admin\controller\PublicController.php ]
[ info ] [ SESSION ] INIT array (
  'id' => '',
  'var_session_id' => '',
  'prefix' => 'think',
  'type' => '',
  'auto_start' => true,
)
[ info ] [ LOG ] INIT File
---------------------------------------------------------------
[ 2018-09-18T09:08:39+08:00 ] 127.0.0.1 GET /hx/public/captcha/new.html?height=32&width=150&font_size=18&refresh=0.9425268981420636
[ info ] 127.0.0.1/hx/public/captcha/new.html?height=32&width=150&font_size=18&refresh=0.9425268981420636 [运行时间：0.032301s][吞吐率：30.96req/s] [内存消耗：1,822.88kb] [文件加载：51]
[ info ] [ CACHE ] INIT File
[ info ] [ BEHAVIOR ] Run cmf\behavior\InitHookBehavior @app_init [ RunTime:0.002706s ]
[ info ] [ LANG ] G:\PHPTutorial\WWW\hx\simplewind\thinkphp\lang\zh-cn.php
[ info ] [ ROUTE ] array (
  'type' => 'method',
  'method' => 
  array (
    0 => '\\cmf\\controller\\CaptchaController',
    1 => 'index',
  ),
  'var' => 
  array (
  ),
)
[ info ] [ HEADER ] array (
  'host' => '127.0.0.1',
  'connection' => 'keep-alive',
  'user-agent' => 'Mozilla/5.0 (Windows NT 10.0; Win64; x64) AppleWebKit/537.36 (KHTML, like Gecko) Chrome/68.0.3440.106 Safari/537.36',
  'accept' => 'image/webp,image/apng,image/*,*/*;q=0.8',
  'referer' => 'http://127.0.0.1/hx/public/admin/public/login.html',
  'accept-encoding' => 'gzip, deflate, br',
  'accept-language' => 'zh-CN,zh;q=0.9',
  'cookie' => 'admin_username=admin; R3ErIO_admin_username=supplier; PHPSESSID=ooavgpbccq10o35p2e7nuq2v22',
)
[ info ] [ PARAM ] array (
  'height' => '32',
  'width' => '150',
  'font_size' => '18',
  'refresh' => '0.9425268981420636',
)
[ info ] [ LANG ] G:\PHPTutorial\WWW\hx\public/../simplewind/cmf/lang\zh-cn.php
[ info ] [ LANG ] G:\PHPTutorial\WWW\hx\public/../app/admin\lang\zh-cn\common.php
[ info ] [ LANG ] G:\PHPTutorial\WWW\hx\public/../app/portal\lang\zh-cn\common.php
[ info ] [ BEHAVIOR ] Run cmf\behavior\LangBehavior @app_begin [ RunTime:0.000969s ]
[ info ] [ RUN ] cmf\controller\CaptchaController->index[ G:\PHPTutorial\WWW\hx\simplewind\cmf\controller\CaptchaController.php ]
[ info ] [ SESSION ] INIT array (
  'id' => '',
  'var_session_id' => '',
  'prefix' => 'think',
  'type' => '',
  'auto_start' => true,
)
[ info ] [ LOG ] INIT File
---------------------------------------------------------------
[ 2018-09-18T09:08:47+08:00 ] 127.0.0.1 POST /hx/public/admin/public/dologin.html
[ info ] 127.0.0.1/hx/public/admin/public/dologin.html [运行时间：0.152621s][吞吐率：6.55req/s] [内存消耗：3,059.15kb] [文件加载：71]
[ info ] [ CACHE ] INIT File
[ info ] [ BEHAVIOR ] Run cmf\behavior\InitHookBehavior @app_init [ RunTime:0.002384s ]
[ info ] [ LANG ] G:\PHPTutorial\WWW\hx\simplewind\thinkphp\lang\zh-cn.php
[ info ] [ ROUTE ] array (
  'type' => 'module',
  'module' => 
  array (
    0 => 'admin',
    1 => 'public',
    2 => 'dologin',
  ),
)
[ info ] [ HEADER ] array (
  'host' => '127.0.0.1',
  'connection' => 'keep-alive',
  'content-length' => '66',
  'accept' => 'application/json, text/javascript, */*; q=0.01',
  'origin' => 'http://127.0.0.1',
  'x-requested-with' => 'XMLHttpRequest',
  'user-agent' => 'Mozilla/5.0 (Windows NT 10.0; Win64; x64) AppleWebKit/537.36 (KHTML, like Gecko) Chrome/68.0.3440.106 Safari/537.36',
  'content-type' => 'application/x-www-form-urlencoded; charset=UTF-8',
  'referer' => 'http://127.0.0.1/hx/public/admin/public/login.html',
  'accept-encoding' => 'gzip, deflate, br',
  'accept-language' => 'zh-CN,zh;q=0.9',
  'cookie' => 'thinkphp_show_page_trace=0|0; admin_username=admin; R3ErIO_admin_username=supplier; PHPSESSID=ooavgpbccq10o35p2e7nuq2v22',
)
[ info ] [ PARAM ] array (
  'username' => 'admin',
  'password' => '123456',
  'captcha' => 'f5cu',
  '_captcha_id' => '',
  'redirect' => '',
)
[ info ] [ LANG ] G:\PHPTutorial\WWW\hx\public/../simplewind/cmf/lang\zh-cn.php
[ info ] [ LANG ] G:\PHPTutorial\WWW\hx\public/../app/admin\lang\zh-cn\common.php
[ info ] [ LANG ] G:\PHPTutorial\WWW\hx\public/../app/portal\lang\zh-cn\common.php
[ info ] [ BEHAVIOR ] Run cmf\behavior\LangBehavior @app_begin [ RunTime:0.001167s ]
[ info ] [ LANG ] G:\PHPTutorial\WWW\hx\public/../app/admin\lang\zh-cn.php
[ info ] [ BEHAVIOR ] Run cmf\behavior\InitAppHookBehavior @module_init [ RunTime:0.000392s ]
[ info ] [ RUN ] app\admin\controller\PublicController->doLogin[ G:\PHPTutorial\WWW\hx\app\admin\controller\PublicController.php ]
[ info ] [ SESSION ] INIT array (
  'id' => '',
  'var_session_id' => '',
  'prefix' => 'think',
  'type' => '',
  'auto_start' => true,
)
[ info ] [ DB ] INIT mysql
[ info ] [ LOG ] INIT File
[ sql ] [ DB ] CONNECT:[ UseTime:0.011081s ] mysql:host=127.0.0.1;port=3306;dbname=thinkcmf5;charset=utf8mb4
[ sql ] [ SQL ] SHOW COLUMNS FROM `cmf_user` [ RunTime:0.038645s ]
[ sql ] [ SQL ] SELECT * FROM `cmf_user` WHERE  `user_login` = 'admin' LIMIT 1 [ RunTime:0.000713s ]
[ sql ] [ SQL ] SHOW COLUMNS FROM `cmf_role_user` [ RunTime:0.006691s ]
[ sql ] [ SQL ] SELECT `role_id` FROM `cmf_role_user` `a` INNER JOIN `cmf_role` `b` ON `a`.`role_id`=`b`.`id` WHERE  `user_id` = 1  AND `status` = 1 LIMIT 1 [ RunTime:0.010087s ]
[ sql ] [ SQL ] SHOW COLUMNS FROM `cmf_user_token` [ RunTime:0.006475s ]
[ sql ] [ SQL ] SELECT * FROM `cmf_user_token` WHERE  `user_id` = 1  AND `device_type` = 'web' LIMIT 1 [ RunTime:0.000408s ]
[ sql ] [ SQL ] UPDATE `cmf_user`  SET `user_type`=1,`sex`=0,`birthday`=0,`last_login_time`=1537232927,`score`=0,`coin`=0,`balance`=0,`create_time`=1536570750,`user_status`=1,`user_login`='admin',`user_pass`='###a2888d1e8b5b5ec67b145f27e417d4b9',`user_nickname`='admin',`user_email`='1016122628@qq.com',`user_url`='',`avatar`='',`signature`='',`last_login_ip`='127.0.0.1',`user_activation_key`='',`mobile`='',`more`=NULL  WHERE  `id` = 1 [ RunTime:0.026950s ]
---------------------------------------------------------------
[ 2018-09-18T09:08:49+08:00 ] 127.0.0.1 GET /hx/public/admin/index/index.html
[ info ] 127.0.0.1/hx/public/admin/index/index.html [运行时间：0.126882s][吞吐率：7.88req/s] [内存消耗：3,858.11kb] [文件加载：80]
[ info ] [ CACHE ] INIT File
[ info ] [ BEHAVIOR ] Run cmf\behavior\InitHookBehavior @app_init [ RunTime:0.002575s ]
[ info ] [ LANG ] G:\PHPTutorial\WWW\hx\simplewind\thinkphp\lang\zh-cn.php
[ info ] [ ROUTE ] array (
  'type' => 'module',
  'module' => 
  array (
    0 => 'admin',
    1 => 'index',
    2 => 'index',
  ),
)
[ info ] [ HEADER ] array (
  'host' => '127.0.0.1',
  'connection' => 'keep-alive',
  'upgrade-insecure-requests' => '1',
  'user-agent' => 'Mozilla/5.0 (Windows NT 10.0; Win64; x64) AppleWebKit/537.36 (KHTML, like Gecko) Chrome/68.0.3440.106 Safari/537.36',
  'accept' => 'text/html,application/xhtml+xml,application/xml;q=0.9,image/webp,image/apng,*/*;q=0.8',
  'referer' => 'http://127.0.0.1/hx/public/admin/public/login.html',
  'accept-encoding' => 'gzip, deflate, br',
  'accept-language' => 'zh-CN,zh;q=0.9',
  'cookie' => 'admin_username=admin; R3ErIO_admin_username=supplier; PHPSESSID=ooavgpbccq10o35p2e7nuq2v22',
)
[ info ] [ PARAM ] array (
)
[ info ] [ LANG ] G:\PHPTutorial\WWW\hx\public/../simplewind/cmf/lang\zh-cn.php
[ info ] [ LANG ] G:\PHPTutorial\WWW\hx\public/../app/admin\lang\zh-cn\common.php
[ info ] [ LANG ] G:\PHPTutorial\WWW\hx\public/../app/portal\lang\zh-cn\common.php
[ info ] [ BEHAVIOR ] Run cmf\behavior\LangBehavior @app_begin [ RunTime:0.001055s ]
[ info ] [ LANG ] G:\PHPTutorial\WWW\hx\public/../app/admin\lang\zh-cn.php
[ info ] [ BEHAVIOR ] Run cmf\behavior\InitAppHookBehavior @module_init [ RunTime:0.000974s ]
[ info ] [ SESSION ] INIT array (
  'id' => '',
  'var_session_id' => '',
  'prefix' => 'think',
  'type' => '',
  'auto_start' => true,
)
[ info ] [ LANG ] G:\PHPTutorial\WWW\hx\public/../app/admin\lang\zh-cn\admin_menu.php
[ info ] [ LANG ] G:\PHPTutorial\WWW\hx\public/../app/admin\lang\zh-cn\admin.php
[ info ] [ LANG ] G:\PHPTutorial\WWW\hx\public/../app/user\lang\zh-cn\admin_menu.php
[ info ] [ LANG ] G:\PHPTutorial\WWW\hx\public/../data/lang/zh-cn/admin_menu.php
[ info ] [ BEHAVIOR ] Run cmf\behavior\AdminLangBehavior @admin_init [ RunTime:0.003307s ]
[ info ] [ DB ] INIT mysql
[ info ] [ RUN ] app\admin\controller\IndexController->index[ G:\PHPTutorial\WWW\hx\app\admin\controller\IndexController.php ]
[ info ] [ VIEW ] themes/admin_simpleboot3/admin\index\index.html [ array (
  0 => 'admin',
  1 => 'menus',
  2 => 'menus_js_var',
) ]
[ info ] [ LOG ] INIT File
[ sql ] [ DB ] CONNECT:[ UseTime:0.001688s ] mysql:host=127.0.0.1;port=3306;dbname=thinkcmf5;charset=utf8mb4
[ sql ] [ SQL ] SHOW COLUMNS FROM `cmf_user` [ RunTime:0.006399s ]
[ sql ] [ SQL ] SELECT * FROM `cmf_user` WHERE  `id` = 1 LIMIT 1 [ RunTime:0.000562s ]
[ sql ] [ SQL ] SHOW COLUMNS FROM `cmf_admin_menu` [ RunTime:0.024137s ]
[ sql ] [ SQL ] SELECT * FROM `cmf_admin_menu` ORDER BY `app` ASC,`controller` ASC,`action` ASC [ RunTime:0.002025s ]
---------------------------------------------------------------
[ 2018-09-18T09:08:50+08:00 ] 127.0.0.1 GET /hx/public/admin/main/index.html
[ info ] 127.0.0.1/hx/public/admin/main/index.html [运行时间：0.082366s][吞吐率：12.14req/s] [内存消耗：3,259.25kb] [文件加载：78]
[ info ] [ CACHE ] INIT File
[ info ] [ BEHAVIOR ] Run cmf\behavior\InitHookBehavior @app_init [ RunTime:0.002576s ]
[ info ] [ LANG ] G:\PHPTutorial\WWW\hx\simplewind\thinkphp\lang\zh-cn.php
[ info ] [ ROUTE ] array (
  'type' => 'module',
  'module' => 
  array (
    0 => 'admin',
    1 => 'main',
    2 => 'index',
  ),
)
[ info ] [ HEADER ] array (
  'host' => '127.0.0.1',
  'connection' => 'keep-alive',
  'upgrade-insecure-requests' => '1',
  'user-agent' => 'Mozilla/5.0 (Windows NT 10.0; Win64; x64) AppleWebKit/537.36 (KHTML, like Gecko) Chrome/68.0.3440.106 Safari/537.36',
  'accept' => 'text/html,application/xhtml+xml,application/xml;q=0.9,image/webp,image/apng,*/*;q=0.8',
  'referer' => 'http://127.0.0.1/hx/public/admin/index/index.html',
  'accept-encoding' => 'gzip, deflate, br',
  'accept-language' => 'zh-CN,zh;q=0.9',
  'cookie' => 'admin_username=admin; R3ErIO_admin_username=supplier; PHPSESSID=ooavgpbccq10o35p2e7nuq2v22',
)
[ info ] [ PARAM ] array (
)
[ info ] [ LANG ] G:\PHPTutorial\WWW\hx\public/../simplewind/cmf/lang\zh-cn.php
[ info ] [ LANG ] G:\PHPTutorial\WWW\hx\public/../app/admin\lang\zh-cn\common.php
[ info ] [ LANG ] G:\PHPTutorial\WWW\hx\public/../app/portal\lang\zh-cn\common.php
[ info ] [ BEHAVIOR ] Run cmf\behavior\LangBehavior @app_begin [ RunTime:0.001420s ]
[ info ] [ LANG ] G:\PHPTutorial\WWW\hx\public/../app/admin\lang\zh-cn.php
[ info ] [ BEHAVIOR ] Run cmf\behavior\InitAppHookBehavior @module_init [ RunTime:0.000370s ]
[ info ] [ LANG ] G:\PHPTutorial\WWW\hx\public/../app/admin\lang\zh-cn\admin_menu.php
[ info ] [ LANG ] G:\PHPTutorial\WWW\hx\public/../app/admin\lang\zh-cn\admin.php
[ info ] [ LANG ] G:\PHPTutorial\WWW\hx\public/../app/user\lang\zh-cn\admin_menu.php
[ info ] [ LANG ] G:\PHPTutorial\WWW\hx\public/../data/lang/zh-cn/admin_menu.php
[ info ] [ BEHAVIOR ] Run cmf\behavior\AdminLangBehavior @admin_init [ RunTime:0.002552s ]
[ info ] [ SESSION ] INIT array (
  'id' => '',
  'var_session_id' => '',
  'prefix' => 'think',
  'type' => '',
  'auto_start' => true,
)
[ info ] [ DB ] INIT mysql
[ info ] [ RUN ] app\admin\controller\MainController->index[ G:\PHPTutorial\WWW\hx\app\admin\controller\MainController.php ]
[ info ] [ VIEW ] themes/admin_simpleboot3/admin\main\index.html [ array (
  0 => 'admin',
  1 => 'dashboard_widgets',
  2 => 'dashboard_widget_plugins',
  3 => 'has_smtp_setting',
) ]
[ info ] [ LOG ] INIT File
[ sql ] [ DB ] CONNECT:[ UseTime:0.001869s ] mysql:host=127.0.0.1;port=3306;dbname=thinkcmf5;charset=utf8mb4
[ sql ] [ SQL ] SHOW COLUMNS FROM `cmf_user` [ RunTime:0.006378s ]
[ sql ] [ SQL ] SELECT * FROM `cmf_user` WHERE  `id` = 1 LIMIT 1 [ RunTime:0.000565s ]
