---------------------------------------------------------------
[ 2018-09-27T13:44:04+08:00 ] 127.0.0.1 GET /hx/public/admin/index/index.html
[ info ] 127.0.0.1/hx/public/admin/index/index.html [运行时间：0.161696s][吞吐率：6.18req/s] [内存消耗：2,181.89kb] [文件加载：65]
[ info ] [ CACHE ] INIT File
[ info ] [ BEHAVIOR ] Run cmf\behavior\InitHookBehavior @app_init [ RunTime:0.006600s ]
[ info ] [ LANG ] G:\PHPTutorial\WWW\hx\simplewind\thinkphp\lang\zh-cn.php
[ info ] [ ROUTE ] array (
  'type' => 'module',
  'module' => 
  array (
    0 => 'admin',
    1 => 'index',
    2 => 'index',
  ),
)
[ info ] [ HEADER ] array (
  'host' => '127.0.0.1',
  'connection' => 'keep-alive',
  'upgrade-insecure-requests' => '1',
  'user-agent' => 'Mozilla/5.0 (Windows NT 10.0; Win64; x64) AppleWebKit/537.36 (KHTML, like Gecko) Chrome/69.0.3497.100 Safari/537.36',
  'accept' => 'text/html,application/xhtml+xml,application/xml;q=0.9,image/webp,image/apng,*/*;q=0.8',
  'accept-encoding' => 'gzip, deflate, br',
  'accept-language' => 'zh-CN,zh;q=0.9',
  'cookie' => 'admin_username=admin; R3ErIO_admin_username=admin',
)
[ info ] [ PARAM ] array (
)
[ info ] [ LANG ] G:\PHPTutorial\WWW\hx\public/../simplewind/cmf/lang\zh-cn.php
[ info ] [ LANG ] G:\PHPTutorial\WWW\hx\public/../app/admin\lang\zh-cn\common.php
[ info ] [ LANG ] G:\PHPTutorial\WWW\hx\public/../app/portal\lang\zh-cn\common.php
[ info ] [ BEHAVIOR ] Run cmf\behavior\LangBehavior @app_begin [ RunTime:0.002479s ]
[ info ] [ LANG ] G:\PHPTutorial\WWW\hx\public/../app/admin\lang\zh-cn.php
[ info ] [ BEHAVIOR ] Run cmf\behavior\InitAppHookBehavior @module_init [ RunTime:0.000815s ]
[ info ] [ SESSION ] INIT array (
  'id' => '',
  'var_session_id' => '',
  'prefix' => 'think',
  'type' => '',
  'auto_start' => true,
)
[ info ] [ LANG ] G:\PHPTutorial\WWW\hx\public/../app/admin\lang\zh-cn\admin_menu.php
[ info ] [ LANG ] G:\PHPTutorial\WWW\hx\public/../app/admin\lang\zh-cn\admin.php
[ info ] [ LANG ] G:\PHPTutorial\WWW\hx\public/../app/user\lang\zh-cn\admin_menu.php
[ info ] [ LANG ] G:\PHPTutorial\WWW\hx\public/../data/lang/zh-cn/admin_menu.php
[ info ] [ BEHAVIOR ] Run cmf\behavior\AdminLangBehavior @admin_init [ RunTime:0.018779s ]
[ info ] [ LOG ] INIT File
---------------------------------------------------------------
[ 2018-09-27T13:44:04+08:00 ] 127.0.0.1 GET /hx/public/admin/public/login.html
[ info ] 127.0.0.1/hx/public/admin/public/login.html [运行时间：0.097306s][吞吐率：10.28req/s] [内存消耗：3,206.66kb] [文件加载：75]
[ info ] [ CACHE ] INIT File
[ info ] [ BEHAVIOR ] Run cmf\behavior\InitHookBehavior @app_init [ RunTime:0.003716s ]
[ info ] [ LANG ] G:\PHPTutorial\WWW\hx\simplewind\thinkphp\lang\zh-cn.php
[ info ] [ ROUTE ] array (
  'type' => 'module',
  'module' => 
  array (
    0 => 'admin',
    1 => 'public',
    2 => 'login',
  ),
)
[ info ] [ HEADER ] array (
  'host' => '127.0.0.1',
  'connection' => 'keep-alive',
  'upgrade-insecure-requests' => '1',
  'user-agent' => 'Mozilla/5.0 (Windows NT 10.0; Win64; x64) AppleWebKit/537.36 (KHTML, like Gecko) Chrome/69.0.3497.100 Safari/537.36',
  'accept' => 'text/html,application/xhtml+xml,application/xml;q=0.9,image/webp,image/apng,*/*;q=0.8',
  'accept-encoding' => 'gzip, deflate, br',
  'accept-language' => 'zh-CN,zh;q=0.9',
  'cookie' => 'admin_username=admin; R3ErIO_admin_username=admin; PHPSESSID=ttte66qp1ciajppefa9iestfv2',
)
[ info ] [ PARAM ] array (
)
[ info ] [ LANG ] G:\PHPTutorial\WWW\hx\public/../simplewind/cmf/lang\zh-cn.php
[ info ] [ LANG ] G:\PHPTutorial\WWW\hx\public/../app/admin\lang\zh-cn\common.php
[ info ] [ LANG ] G:\PHPTutorial\WWW\hx\public/../app/portal\lang\zh-cn\common.php
[ info ] [ BEHAVIOR ] Run cmf\behavior\LangBehavior @app_begin [ RunTime:0.000933s ]
[ info ] [ LANG ] G:\PHPTutorial\WWW\hx\public/../app/admin\lang\zh-cn.php
[ info ] [ BEHAVIOR ] Run cmf\behavior\InitAppHookBehavior @module_init [ RunTime:0.000325s ]
[ info ] [ RUN ] app\admin\controller\PublicController->login[ G:\PHPTutorial\WWW\hx\app\admin\controller\PublicController.php ]
[ info ] [ SESSION ] INIT array (
  'id' => '',
  'var_session_id' => '',
  'prefix' => 'think',
  'type' => '',
  'auto_start' => true,
)
[ info ] [ DB ] INIT mysql
[ info ] [ VIEW ] G:\PHPTutorial\WWW\hx\public/plugins/custom_admin_login/view/widget.html [ array (
) ]
[ info ] [ BEHAVIOR ] Run plugins\custom_admin_login\CustomAdminLoginPlugin @admin_login [ RunTime:0.044714s ]
[ info ] [ LOG ] INIT File
[ sql ] [ DB ] CONNECT:[ UseTime:0.007196s ] mysql:host=127.0.0.1;port=3306;dbname=thinkcmf5;charset=utf8mb4
[ sql ] [ SQL ] SHOW COLUMNS FROM `cmf_plugin` [ RunTime:0.009589s ]
[ sql ] [ SQL ] SELECT `config` FROM `cmf_plugin` WHERE  `name` = 'CustomAdminLogin' LIMIT 1 [ RunTime:0.000654s ]
---------------------------------------------------------------
[ 2018-09-27T13:44:04+08:00 ] 127.0.0.1 GET /hx/public/captcha/new.html?height=32&width=150&font_size=18
[ info ] 127.0.0.1/hx/public/captcha/new.html?height=32&width=150&font_size=18 [运行时间：0.101345s][吞吐率：9.87req/s] [内存消耗：1,822.87kb] [文件加载：51]
[ info ] [ CACHE ] INIT File
[ info ] [ BEHAVIOR ] Run cmf\behavior\InitHookBehavior @app_init [ RunTime:0.003629s ]
[ info ] [ LANG ] G:\PHPTutorial\WWW\hx\simplewind\thinkphp\lang\zh-cn.php
[ info ] [ ROUTE ] array (
  'type' => 'method',
  'method' => 
  array (
    0 => '\\cmf\\controller\\CaptchaController',
    1 => 'index',
  ),
  'var' => 
  array (
  ),
)
[ info ] [ HEADER ] array (
  'host' => '127.0.0.1',
  'connection' => 'keep-alive',
  'user-agent' => 'Mozilla/5.0 (Windows NT 10.0; Win64; x64) AppleWebKit/537.36 (KHTML, like Gecko) Chrome/69.0.3497.100 Safari/537.36',
  'accept' => 'image/webp,image/apng,image/*,*/*;q=0.8',
  'referer' => 'http://127.0.0.1/hx/public/admin/public/login.html',
  'accept-encoding' => 'gzip, deflate, br',
  'accept-language' => 'zh-CN,zh;q=0.9',
  'cookie' => 'admin_username=admin; R3ErIO_admin_username=admin; PHPSESSID=ttte66qp1ciajppefa9iestfv2',
)
[ info ] [ PARAM ] array (
  'height' => '32',
  'width' => '150',
  'font_size' => '18',
)
[ info ] [ LANG ] G:\PHPTutorial\WWW\hx\public/../simplewind/cmf/lang\zh-cn.php
[ info ] [ LANG ] G:\PHPTutorial\WWW\hx\public/../app/admin\lang\zh-cn\common.php
[ info ] [ LANG ] G:\PHPTutorial\WWW\hx\public/../app/portal\lang\zh-cn\common.php
[ info ] [ BEHAVIOR ] Run cmf\behavior\LangBehavior @app_begin [ RunTime:0.001625s ]
[ info ] [ RUN ] cmf\controller\CaptchaController->index[ G:\PHPTutorial\WWW\hx\simplewind\cmf\controller\CaptchaController.php ]
[ info ] [ SESSION ] INIT array (
  'id' => '',
  'var_session_id' => '',
  'prefix' => 'think',
  'type' => '',
  'auto_start' => true,
)
[ info ] [ LOG ] INIT File
---------------------------------------------------------------
[ 2018-09-27T13:44:10+08:00 ] 127.0.0.1 POST /hx/public/admin/public/dologin.html
[ info ] 127.0.0.1/hx/public/admin/public/dologin.html [运行时间：0.145618s][吞吐率：6.87req/s] [内存消耗：3,059.27kb] [文件加载：71]
[ info ] [ CACHE ] INIT File
[ info ] [ BEHAVIOR ] Run cmf\behavior\InitHookBehavior @app_init [ RunTime:0.002877s ]
[ info ] [ LANG ] G:\PHPTutorial\WWW\hx\simplewind\thinkphp\lang\zh-cn.php
[ info ] [ ROUTE ] array (
  'type' => 'module',
  'module' => 
  array (
    0 => 'admin',
    1 => 'public',
    2 => 'dologin',
  ),
)
[ info ] [ HEADER ] array (
  'host' => '127.0.0.1',
  'connection' => 'keep-alive',
  'content-length' => '66',
  'accept' => 'application/json, text/javascript, */*; q=0.01',
  'origin' => 'http://127.0.0.1',
  'x-requested-with' => 'XMLHttpRequest',
  'user-agent' => 'Mozilla/5.0 (Windows NT 10.0; Win64; x64) AppleWebKit/537.36 (KHTML, like Gecko) Chrome/69.0.3497.100 Safari/537.36',
  'content-type' => 'application/x-www-form-urlencoded; charset=UTF-8',
  'referer' => 'http://127.0.0.1/hx/public/admin/public/login.html',
  'accept-encoding' => 'gzip, deflate, br',
  'accept-language' => 'zh-CN,zh;q=0.9',
  'cookie' => 'thinkphp_show_page_trace=0|0; admin_username=admin; R3ErIO_admin_username=admin; PHPSESSID=ttte66qp1ciajppefa9iestfv2',
)
[ info ] [ PARAM ] array (
  'username' => 'admin',
  'password' => '123456',
  'captcha' => 'cfty',
  '_captcha_id' => '',
  'redirect' => '',
)
[ info ] [ LANG ] G:\PHPTutorial\WWW\hx\public/../simplewind/cmf/lang\zh-cn.php
[ info ] [ LANG ] G:\PHPTutorial\WWW\hx\public/../app/admin\lang\zh-cn\common.php
[ info ] [ LANG ] G:\PHPTutorial\WWW\hx\public/../app/portal\lang\zh-cn\common.php
[ info ] [ BEHAVIOR ] Run cmf\behavior\LangBehavior @app_begin [ RunTime:0.000976s ]
[ info ] [ LANG ] G:\PHPTutorial\WWW\hx\public/../app/admin\lang\zh-cn.php
[ info ] [ BEHAVIOR ] Run cmf\behavior\InitAppHookBehavior @module_init [ RunTime:0.000557s ]
[ info ] [ RUN ] app\admin\controller\PublicController->doLogin[ G:\PHPTutorial\WWW\hx\app\admin\controller\PublicController.php ]
[ info ] [ SESSION ] INIT array (
  'id' => '',
  'var_session_id' => '',
  'prefix' => 'think',
  'type' => '',
  'auto_start' => true,
)
[ info ] [ DB ] INIT mysql
[ info ] [ LOG ] INIT File
[ sql ] [ DB ] CONNECT:[ UseTime:0.010138s ] mysql:host=127.0.0.1;port=3306;dbname=thinkcmf5;charset=utf8mb4
[ sql ] [ SQL ] SHOW COLUMNS FROM `cmf_user` [ RunTime:0.028568s ]
[ sql ] [ SQL ] SELECT * FROM `cmf_user` WHERE  `user_login` = 'admin' LIMIT 1 [ RunTime:0.000716s ]
[ sql ] [ SQL ] SHOW COLUMNS FROM `cmf_role_user` [ RunTime:0.007360s ]
[ sql ] [ SQL ] SELECT `role_id` FROM `cmf_role_user` `a` INNER JOIN `cmf_role` `b` ON `a`.`role_id`=`b`.`id` WHERE  `user_id` = 1  AND `status` = 1 LIMIT 1 [ RunTime:0.000654s ]
[ sql ] [ SQL ] SHOW COLUMNS FROM `cmf_user_token` [ RunTime:0.006708s ]
[ sql ] [ SQL ] SELECT * FROM `cmf_user_token` WHERE  `user_id` = 1  AND `device_type` = 'web' LIMIT 1 [ RunTime:0.000475s ]
[ sql ] [ SQL ] UPDATE `cmf_user`  SET `user_type`=1,`sex`=0,`birthday`=0,`last_login_time`=1538027050,`score`=0,`coin`=0,`balance`=0,`create_time`=1536570750,`user_status`=1,`user_login`='admin',`user_pass`='###a2888d1e8b5b5ec67b145f27e417d4b9',`user_nickname`='admin',`user_email`='1016122628@qq.com',`user_url`='',`avatar`='',`signature`='',`last_login_ip`='127.0.0.1',`user_activation_key`='',`mobile`='',`more`=NULL  WHERE  `id` = 1 [ RunTime:0.034319s ]
---------------------------------------------------------------
[ 2018-09-27T13:44:12+08:00 ] 127.0.0.1 GET /hx/public/admin/index/index.html
[ info ] 127.0.0.1/hx/public/admin/index/index.html [运行时间：0.130324s][吞吐率：7.67req/s] [内存消耗：3,873.52kb] [文件加载：80]
[ info ] [ CACHE ] INIT File
[ info ] [ BEHAVIOR ] Run cmf\behavior\InitHookBehavior @app_init [ RunTime:0.002710s ]
[ info ] [ LANG ] G:\PHPTutorial\WWW\hx\simplewind\thinkphp\lang\zh-cn.php
[ info ] [ ROUTE ] array (
  'type' => 'module',
  'module' => 
  array (
    0 => 'admin',
    1 => 'index',
    2 => 'index',
  ),
)
[ info ] [ HEADER ] array (
  'host' => '127.0.0.1',
  'connection' => 'keep-alive',
  'upgrade-insecure-requests' => '1',
  'user-agent' => 'Mozilla/5.0 (Windows NT 10.0; Win64; x64) AppleWebKit/537.36 (KHTML, like Gecko) Chrome/69.0.3497.100 Safari/537.36',
  'accept' => 'text/html,application/xhtml+xml,application/xml;q=0.9,image/webp,image/apng,*/*;q=0.8',
  'referer' => 'http://127.0.0.1/hx/public/admin/public/login.html',
  'accept-encoding' => 'gzip, deflate, br',
  'accept-language' => 'zh-CN,zh;q=0.9',
  'cookie' => 'admin_username=admin; R3ErIO_admin_username=admin; PHPSESSID=ttte66qp1ciajppefa9iestfv2',
)
[ info ] [ PARAM ] array (
)
[ info ] [ LANG ] G:\PHPTutorial\WWW\hx\public/../simplewind/cmf/lang\zh-cn.php
[ info ] [ LANG ] G:\PHPTutorial\WWW\hx\public/../app/admin\lang\zh-cn\common.php
[ info ] [ LANG ] G:\PHPTutorial\WWW\hx\public/../app/portal\lang\zh-cn\common.php
[ info ] [ BEHAVIOR ] Run cmf\behavior\LangBehavior @app_begin [ RunTime:0.001001s ]
[ info ] [ LANG ] G:\PHPTutorial\WWW\hx\public/../app/admin\lang\zh-cn.php
[ info ] [ BEHAVIOR ] Run cmf\behavior\InitAppHookBehavior @module_init [ RunTime:0.000489s ]
[ info ] [ SESSION ] INIT array (
  'id' => '',
  'var_session_id' => '',
  'prefix' => 'think',
  'type' => '',
  'auto_start' => true,
)
[ info ] [ LANG ] G:\PHPTutorial\WWW\hx\public/../app/admin\lang\zh-cn\admin_menu.php
[ info ] [ LANG ] G:\PHPTutorial\WWW\hx\public/../app/admin\lang\zh-cn\admin.php
[ info ] [ LANG ] G:\PHPTutorial\WWW\hx\public/../app/user\lang\zh-cn\admin_menu.php
[ info ] [ LANG ] G:\PHPTutorial\WWW\hx\public/../data/lang/zh-cn/admin_menu.php
[ info ] [ BEHAVIOR ] Run cmf\behavior\AdminLangBehavior @admin_init [ RunTime:0.002598s ]
[ info ] [ DB ] INIT mysql
[ info ] [ RUN ] app\admin\controller\IndexController->index[ G:\PHPTutorial\WWW\hx\app\admin\controller\IndexController.php ]
[ info ] [ VIEW ] themes/admin_simpleboot3/admin\index\index.html [ array (
  0 => 'admin',
  1 => 'menus',
  2 => 'menus_js_var',
) ]
[ info ] [ LOG ] INIT File
[ sql ] [ DB ] CONNECT:[ UseTime:0.009875s ] mysql:host=127.0.0.1;port=3306;dbname=thinkcmf5;charset=utf8mb4
[ sql ] [ SQL ] SHOW COLUMNS FROM `cmf_user` [ RunTime:0.007161s ]
[ sql ] [ SQL ] SELECT * FROM `cmf_user` WHERE  `id` = 1 LIMIT 1 [ RunTime:0.000569s ]
[ sql ] [ SQL ] SHOW COLUMNS FROM `cmf_admin_menu` [ RunTime:0.017364s ]
[ sql ] [ SQL ] SELECT * FROM `cmf_admin_menu` ORDER BY `app` ASC,`controller` ASC,`action` ASC [ RunTime:0.002485s ]
---------------------------------------------------------------
[ 2018-09-27T13:44:12+08:00 ] 127.0.0.1 GET /hx/public/admin/main/index.html
[ info ] 127.0.0.1/hx/public/admin/main/index.html [运行时间：0.092496s][吞吐率：10.81req/s] [内存消耗：3,259.62kb] [文件加载：78]
[ info ] [ CACHE ] INIT File
[ info ] [ BEHAVIOR ] Run cmf\behavior\InitHookBehavior @app_init [ RunTime:0.003993s ]
[ info ] [ LANG ] G:\PHPTutorial\WWW\hx\simplewind\thinkphp\lang\zh-cn.php
[ info ] [ ROUTE ] array (
  'type' => 'module',
  'module' => 
  array (
    0 => 'admin',
    1 => 'main',
    2 => 'index',
  ),
)
[ info ] [ HEADER ] array (
  'host' => '127.0.0.1',
  'connection' => 'keep-alive',
  'upgrade-insecure-requests' => '1',
  'user-agent' => 'Mozilla/5.0 (Windows NT 10.0; Win64; x64) AppleWebKit/537.36 (KHTML, like Gecko) Chrome/69.0.3497.100 Safari/537.36',
  'accept' => 'text/html,application/xhtml+xml,application/xml;q=0.9,image/webp,image/apng,*/*;q=0.8',
  'referer' => 'http://127.0.0.1/hx/public/admin/index/index.html',
  'accept-encoding' => 'gzip, deflate, br',
  'accept-language' => 'zh-CN,zh;q=0.9',
  'cookie' => 'admin_username=admin; R3ErIO_admin_username=admin; PHPSESSID=ttte66qp1ciajppefa9iestfv2',
)
[ info ] [ PARAM ] array (
)
[ info ] [ LANG ] G:\PHPTutorial\WWW\hx\public/../simplewind/cmf/lang\zh-cn.php
[ info ] [ LANG ] G:\PHPTutorial\WWW\hx\public/../app/admin\lang\zh-cn\common.php
[ info ] [ LANG ] G:\PHPTutorial\WWW\hx\public/../app/portal\lang\zh-cn\common.php
[ info ] [ BEHAVIOR ] Run cmf\behavior\LangBehavior @app_begin [ RunTime:0.001917s ]
[ info ] [ LANG ] G:\PHPTutorial\WWW\hx\public/../app/admin\lang\zh-cn.php
[ info ] [ BEHAVIOR ] Run cmf\behavior\InitAppHookBehavior @module_init [ RunTime:0.000631s ]
[ info ] [ LANG ] G:\PHPTutorial\WWW\hx\public/../app/admin\lang\zh-cn\admin_menu.php
[ info ] [ LANG ] G:\PHPTutorial\WWW\hx\public/../app/admin\lang\zh-cn\admin.php
[ info ] [ LANG ] G:\PHPTutorial\WWW\hx\public/../app/user\lang\zh-cn\admin_menu.php
[ info ] [ LANG ] G:\PHPTutorial\WWW\hx\public/../data/lang/zh-cn/admin_menu.php
[ info ] [ BEHAVIOR ] Run cmf\behavior\AdminLangBehavior @admin_init [ RunTime:0.002474s ]
[ info ] [ SESSION ] INIT array (
  'id' => '',
  'var_session_id' => '',
  'prefix' => 'think',
  'type' => '',
  'auto_start' => true,
)
[ info ] [ DB ] INIT mysql
[ info ] [ RUN ] app\admin\controller\MainController->index[ G:\PHPTutorial\WWW\hx\app\admin\controller\MainController.php ]
[ info ] [ VIEW ] themes/admin_simpleboot3/admin\main\index.html [ array (
  0 => 'admin',
  1 => 'dashboard_widgets',
  2 => 'dashboard_widget_plugins',
  3 => 'has_smtp_setting',
) ]
[ info ] [ LOG ] INIT File
[ sql ] [ DB ] CONNECT:[ UseTime:0.001071s ] mysql:host=127.0.0.1;port=3306;dbname=thinkcmf5;charset=utf8mb4
[ sql ] [ SQL ] SHOW COLUMNS FROM `cmf_user` [ RunTime:0.007036s ]
[ sql ] [ SQL ] SELECT * FROM `cmf_user` WHERE  `id` = 1 LIMIT 1 [ RunTime:0.000527s ]
---------------------------------------------------------------
[ 2018-09-27T13:44:15+08:00 ] 127.0.0.1 GET /hx/public/admin/project/index.html
[ info ] 127.0.0.1/hx/public/admin/project/index.html [运行时间：0.104399s][吞吐率：9.58req/s] [内存消耗：3,304.51kb] [文件加载：81]
[ info ] [ CACHE ] INIT File
[ info ] [ BEHAVIOR ] Run cmf\behavior\InitHookBehavior @app_init [ RunTime:0.003428s ]
[ info ] [ LANG ] G:\PHPTutorial\WWW\hx\simplewind\thinkphp\lang\zh-cn.php
[ info ] [ ROUTE ] array (
  'type' => 'module',
  'module' => 
  array (
    0 => 'admin',
    1 => 'project',
    2 => 'index',
  ),
)
[ info ] [ HEADER ] array (
  'host' => '127.0.0.1',
  'connection' => 'keep-alive',
  'upgrade-insecure-requests' => '1',
  'user-agent' => 'Mozilla/5.0 (Windows NT 10.0; Win64; x64) AppleWebKit/537.36 (KHTML, like Gecko) Chrome/69.0.3497.100 Safari/537.36',
  'accept' => 'text/html,application/xhtml+xml,application/xml;q=0.9,image/webp,image/apng,*/*;q=0.8',
  'referer' => 'http://127.0.0.1/hx/public/admin/index/index.html',
  'accept-encoding' => 'gzip, deflate, br',
  'accept-language' => 'zh-CN,zh;q=0.9',
  'cookie' => 'admin_username=admin; R3ErIO_admin_username=admin; PHPSESSID=ttte66qp1ciajppefa9iestfv2',
)
[ info ] [ PARAM ] array (
)
[ info ] [ LANG ] G:\PHPTutorial\WWW\hx\public/../simplewind/cmf/lang\zh-cn.php
[ info ] [ LANG ] G:\PHPTutorial\WWW\hx\public/../app/admin\lang\zh-cn\common.php
[ info ] [ LANG ] G:\PHPTutorial\WWW\hx\public/../app/portal\lang\zh-cn\common.php
[ info ] [ BEHAVIOR ] Run cmf\behavior\LangBehavior @app_begin [ RunTime:0.001353s ]
[ info ] [ LANG ] G:\PHPTutorial\WWW\hx\public/../app/admin\lang\zh-cn.php
[ info ] [ BEHAVIOR ] Run cmf\behavior\InitAppHookBehavior @module_init [ RunTime:0.000447s ]
[ info ] [ LANG ] G:\PHPTutorial\WWW\hx\public/../app/admin\lang\zh-cn\admin_menu.php
[ info ] [ LANG ] G:\PHPTutorial\WWW\hx\public/../app/admin\lang\zh-cn\admin.php
[ info ] [ LANG ] G:\PHPTutorial\WWW\hx\public/../app/user\lang\zh-cn\admin_menu.php
[ info ] [ LANG ] G:\PHPTutorial\WWW\hx\public/../data/lang/zh-cn/admin_menu.php
[ info ] [ BEHAVIOR ] Run cmf\behavior\AdminLangBehavior @admin_init [ RunTime:0.002939s ]
[ info ] [ SESSION ] INIT array (
  'id' => '',
  'var_session_id' => '',
  'prefix' => 'think',
  'type' => '',
  'auto_start' => true,
)
[ info ] [ DB ] INIT mysql
[ info ] [ RUN ] app\admin\controller\ProjectController->index[ G:\PHPTutorial\WWW\hx\app\admin\controller\ProjectController.php ]
[ info ] [ VIEW ] themes/admin_simpleboot3/admin\project\index.html [ array (
  0 => 'admin',
  1 => 'page',
  2 => 'roles',
  3 => 'users',
) ]
[ info ] [ LOG ] INIT File
[ sql ] [ DB ] CONNECT:[ UseTime:0.010697s ] mysql:host=127.0.0.1;port=3306;dbname=thinkcmf5;charset=utf8mb4
[ sql ] [ SQL ] SHOW COLUMNS FROM `cmf_user` [ RunTime:0.008199s ]
[ sql ] [ SQL ] SELECT * FROM `cmf_user` WHERE  `id` = 1 LIMIT 1 [ RunTime:0.000921s ]
[ sql ] [ SQL ] SELECT COUNT(*) AS tp_count FROM `cmf_user` WHERE  `user_type` = 1 LIMIT 1 [ RunTime:0.000529s ]
[ sql ] [ SQL ] SELECT * FROM `cmf_user` WHERE  `user_type` = 1 ORDER BY `id` DESC LIMIT 0,10 [ RunTime:0.000511s ]
[ sql ] [ SQL ] SHOW COLUMNS FROM `cmf_role` [ RunTime:0.007506s ]
[ sql ] [ SQL ] SELECT * FROM `cmf_role` [ RunTime:0.000600s ]
---------------------------------------------------------------
[ 2018-09-27T13:44:16+08:00 ] 127.0.0.1 GET /hx/public/admin/project/add.html
[ info ] 127.0.0.1/hx/public/admin/project/add.html [运行时间：0.081285s][吞吐率：12.30req/s] [内存消耗：3,261.26kb] [文件加载：78]
[ info ] [ CACHE ] INIT File
[ info ] [ BEHAVIOR ] Run cmf\behavior\InitHookBehavior @app_init [ RunTime:0.002516s ]
[ info ] [ LANG ] G:\PHPTutorial\WWW\hx\simplewind\thinkphp\lang\zh-cn.php
[ info ] [ ROUTE ] array (
  'type' => 'module',
  'module' => 
  array (
    0 => 'admin',
    1 => 'project',
    2 => 'add',
  ),
)
[ info ] [ HEADER ] array (
  'host' => '127.0.0.1',
  'connection' => 'keep-alive',
  'upgrade-insecure-requests' => '1',
  'user-agent' => 'Mozilla/5.0 (Windows NT 10.0; Win64; x64) AppleWebKit/537.36 (KHTML, like Gecko) Chrome/69.0.3497.100 Safari/537.36',
  'accept' => 'text/html,application/xhtml+xml,application/xml;q=0.9,image/webp,image/apng,*/*;q=0.8',
  'referer' => 'http://127.0.0.1/hx/public/admin/project/index.html',
  'accept-encoding' => 'gzip, deflate, br',
  'accept-language' => 'zh-CN,zh;q=0.9',
  'cookie' => 'thinkphp_show_page_trace=0|0; admin_username=admin; R3ErIO_admin_username=admin; PHPSESSID=ttte66qp1ciajppefa9iestfv2',
)
[ info ] [ PARAM ] array (
)
[ info ] [ LANG ] G:\PHPTutorial\WWW\hx\public/../simplewind/cmf/lang\zh-cn.php
[ info ] [ LANG ] G:\PHPTutorial\WWW\hx\public/../app/admin\lang\zh-cn\common.php
[ info ] [ LANG ] G:\PHPTutorial\WWW\hx\public/../app/portal\lang\zh-cn\common.php
[ info ] [ BEHAVIOR ] Run cmf\behavior\LangBehavior @app_begin [ RunTime:0.000920s ]
[ info ] [ LANG ] G:\PHPTutorial\WWW\hx\public/../app/admin\lang\zh-cn.php
[ info ] [ BEHAVIOR ] Run cmf\behavior\InitAppHookBehavior @module_init [ RunTime:0.000327s ]
[ info ] [ LANG ] G:\PHPTutorial\WWW\hx\public/../app/admin\lang\zh-cn\admin_menu.php
[ info ] [ LANG ] G:\PHPTutorial\WWW\hx\public/../app/admin\lang\zh-cn\admin.php
[ info ] [ LANG ] G:\PHPTutorial\WWW\hx\public/../app/user\lang\zh-cn\admin_menu.php
[ info ] [ LANG ] G:\PHPTutorial\WWW\hx\public/../data/lang/zh-cn/admin_menu.php
[ info ] [ BEHAVIOR ] Run cmf\behavior\AdminLangBehavior @admin_init [ RunTime:0.002136s ]
[ info ] [ SESSION ] INIT array (
  'id' => '',
  'var_session_id' => '',
  'prefix' => 'think',
  'type' => '',
  'auto_start' => true,
)
[ info ] [ DB ] INIT mysql
[ info ] [ RUN ] app\admin\controller\ProjectController->add[ G:\PHPTutorial\WWW\hx\app\admin\controller\ProjectController.php ]
[ info ] [ VIEW ] themes/admin_simpleboot3/admin\project\add.html [ array (
  0 => 'admin',
) ]
[ info ] [ LOG ] INIT File
[ sql ] [ DB ] CONNECT:[ UseTime:0.000899s ] mysql:host=127.0.0.1;port=3306;dbname=thinkcmf5;charset=utf8mb4
[ sql ] [ SQL ] SHOW COLUMNS FROM `cmf_user` [ RunTime:0.008837s ]
[ sql ] [ SQL ] SELECT * FROM `cmf_user` WHERE  `id` = 1 LIMIT 1 [ RunTime:0.000648s ]
---------------------------------------------------------------
[ 2018-09-27T13:44:17+08:00 ] 127.0.0.1 GET /hx/public/admin/project/edcadd.html
[ info ] 127.0.0.1/hx/public/admin/project/edcadd.html [运行时间：0.081851s][吞吐率：12.22req/s] [内存消耗：3,241.42kb] [文件加载：78]
[ info ] [ CACHE ] INIT File
[ info ] [ BEHAVIOR ] Run cmf\behavior\InitHookBehavior @app_init [ RunTime:0.002519s ]
[ info ] [ LANG ] G:\PHPTutorial\WWW\hx\simplewind\thinkphp\lang\zh-cn.php
[ info ] [ ROUTE ] array (
  'type' => 'module',
  'module' => 
  array (
    0 => 'admin',
    1 => 'project',
    2 => 'edcadd',
  ),
)
[ info ] [ HEADER ] array (
  'host' => '127.0.0.1',
  'connection' => 'keep-alive',
  'upgrade-insecure-requests' => '1',
  'user-agent' => 'Mozilla/5.0 (Windows NT 10.0; Win64; x64) AppleWebKit/537.36 (KHTML, like Gecko) Chrome/69.0.3497.100 Safari/537.36',
  'accept' => 'text/html,application/xhtml+xml,application/xml;q=0.9,image/webp,image/apng,*/*;q=0.8',
  'referer' => 'http://127.0.0.1/hx/public/admin/project/add.html',
  'accept-encoding' => 'gzip, deflate, br',
  'accept-language' => 'zh-CN,zh;q=0.9',
  'cookie' => 'thinkphp_show_page_trace=0|0; admin_username=admin; R3ErIO_admin_username=admin; PHPSESSID=ttte66qp1ciajppefa9iestfv2',
)
[ info ] [ PARAM ] array (
)
[ info ] [ LANG ] G:\PHPTutorial\WWW\hx\public/../simplewind/cmf/lang\zh-cn.php
[ info ] [ LANG ] G:\PHPTutorial\WWW\hx\public/../app/admin\lang\zh-cn\common.php
[ info ] [ LANG ] G:\PHPTutorial\WWW\hx\public/../app/portal\lang\zh-cn\common.php
[ info ] [ BEHAVIOR ] Run cmf\behavior\LangBehavior @app_begin [ RunTime:0.000961s ]
[ info ] [ LANG ] G:\PHPTutorial\WWW\hx\public/../app/admin\lang\zh-cn.php
[ info ] [ BEHAVIOR ] Run cmf\behavior\InitAppHookBehavior @module_init [ RunTime:0.000369s ]
[ info ] [ LANG ] G:\PHPTutorial\WWW\hx\public/../app/admin\lang\zh-cn\admin_menu.php
[ info ] [ LANG ] G:\PHPTutorial\WWW\hx\public/../app/admin\lang\zh-cn\admin.php
[ info ] [ LANG ] G:\PHPTutorial\WWW\hx\public/../app/user\lang\zh-cn\admin_menu.php
[ info ] [ LANG ] G:\PHPTutorial\WWW\hx\public/../data/lang/zh-cn/admin_menu.php
[ info ] [ BEHAVIOR ] Run cmf\behavior\AdminLangBehavior @admin_init [ RunTime:0.002215s ]
[ info ] [ SESSION ] INIT array (
  'id' => '',
  'var_session_id' => '',
  'prefix' => 'think',
  'type' => '',
  'auto_start' => true,
)
[ info ] [ DB ] INIT mysql
[ info ] [ RUN ] app\admin\controller\ProjectController->edcadd[ G:\PHPTutorial\WWW\hx\app\admin\controller\ProjectController.php ]
[ info ] [ VIEW ] themes/admin_simpleboot3/admin\project\edcadd.html [ array (
  0 => 'admin',
) ]
[ info ] [ LOG ] INIT File
[ sql ] [ DB ] CONNECT:[ UseTime:0.001020s ] mysql:host=127.0.0.1;port=3306;dbname=thinkcmf5;charset=utf8mb4
[ sql ] [ SQL ] SHOW COLUMNS FROM `cmf_user` [ RunTime:0.008676s ]
[ sql ] [ SQL ] SELECT * FROM `cmf_user` WHERE  `id` = 1 LIMIT 1 [ RunTime:0.000573s ]
